<?xml version="1.0" encoding="UTF-8" ?>
<testsuite failures="0" time="1.494" errors="1" skipped="0" tests="1" name="com.draftking.domain.HomeStatsAllYearsViewTest">
  <properties>
[...]
</properties>
  <testcase time="1.494" classname="com.draftking.domain.HomeStatsAllYearsViewTest" name="test">
    <error message="Failed to load ApplicationContext" type="java.lang.IllegalStateException">java.lang.IllegalStateException: Failed to load ApplicationContext
	at org.springframework.test.context.CacheAwareContextLoaderDelegate.loadContext(CacheAwareContextLoaderDelegate.java:99)
	at org.springframework.test.context.DefaultTestContext.getApplicationContext(DefaultTestContext.java:101)
	at org.springframework.test.context.support.DependencyInjectionTestExecutionListener.injectDependencies(DependencyInjectionTestExecutionListener.java:109)
	at org.springframework.test.context.support.DependencyInjectionTestExecutionListener.prepareTestInstance(DependencyInjectionTestExecutionListener.java:75)
	at org.springframework.test.context.TestContextManager.prepareTestInstance(TestContextManager.java:326)
	at org.springframework.test.context.junit4.SpringJUnit4ClassRunner.createTest(SpringJUnit4ClassRunner.java:212)
	at org.springframework.test.context.junit4.SpringJUnit4ClassRunner$1.runReflectiveCall(SpringJUnit4ClassRunner.java:289)
	at org.junit.internal.runners.model.ReflectiveCallable.run(ReflectiveCallable.java:15)
	at org.springframework.test.context.junit4.SpringJUnit4ClassRunner.methodBlock(SpringJUnit4ClassRunner.java:291)
	at org.springframework.test.context.junit4.SpringJUnit4ClassRunner.runChild(SpringJUnit4ClassRunner.java:232)
	at org.springframework.test.context.junit4.SpringJUnit4ClassRunner.runChild(SpringJUnit4ClassRunner.java:89)
	at org.junit.runners.ParentRunner.runChildren(ParentRunner.java:180)
	at org.junit.runners.ParentRunner.access$000(ParentRunner.java:41)
	at org.junit.runners.ParentRunner$1.evaluate(ParentRunner.java:173)
	at org.junit.internal.runners.statements.RunBefores.evaluate(RunBefores.java:28)
	at org.springframework.test.context.junit4.statements.RunBeforeTestClassCallbacks.evaluate(RunBeforeTestClassCallbacks.java:61)
	at org.junit.internal.runners.statements.RunAfters.evaluate(RunAfters.java:31)
	at org.springframework.test.context.junit4.statements.RunAfterTestClassCallbacks.evaluate(RunAfterTestClassCallbacks.java:71)
	at org.junit.runners.ParentRunner.run(ParentRunner.java:220)
	at org.springframework.test.context.junit4.SpringJUnit4ClassRunner.run(SpringJUnit4ClassRunner.java:175)
	at org.apache.maven.surefire.junit4.JUnit4Provider.execute(JUnit4Provider.java:252)
	at org.apache.maven.surefire.junit4.JUnit4Provider.executeTestSet(JUnit4Provider.java:141)
	at org.apache.maven.surefire.junit4.JUnit4Provider.invoke(JUnit4Provider.java:112)
	at sun.reflect.NativeMethodAccessorImpl.invoke0(Native Method)
	at sun.reflect.NativeMethodAccessorImpl.invoke(NativeMethodAccessorImpl.java:57)
	at sun.reflect.DelegatingMethodAccessorImpl.invoke(DelegatingMethodAccessorImpl.java:43)
	at java.lang.reflect.Method.invoke(Method.java:606)
	at org.apache.maven.surefire.util.ReflectionUtils.invokeMethodWithArray(ReflectionUtils.java:189)
	at org.apache.maven.surefire.booter.ProviderFactory$ProviderProxy.invoke(ProviderFactory.java:165)
	at org.apache.maven.surefire.booter.ProviderFactory.invokeProvider(ProviderFactory.java:85)
	at org.apache.maven.surefire.booter.ForkedBooter.runSuitesInProcess(ForkedBooter.java:115)
	at org.apache.maven.surefire.booter.ForkedBooter.main(ForkedBooter.java:75)
Caused by: org.springframework.beans.factory.BeanCreationException: Error creating bean with name &apos;entityManagerFactory&apos; defined in class path resource [META-INF/applicationContext.xml]: Invocation of init method failed; nested exception is java.lang.IllegalArgumentException: No PersistenceProvider specified in EntityManagerFactory configuration, and chosen PersistenceUnitInfo does not specify a provider class name either
	at org.springframework.beans.factory.support.AbstractAutowireCapableBeanFactory.initializeBean(AbstractAutowireCapableBeanFactory.java:1553)
	at org.springframework.beans.factory.support.AbstractAutowireCapableBeanFactory.doCreateBean(AbstractAutowireCapableBeanFactory.java:539)
	at org.springframework.beans.factory.support.AbstractAutowireCapableBeanFactory.createBean(AbstractAutowireCapableBeanFactory.java:475)
	at org.springframework.beans.factory.support.AbstractBeanFactory$1.getObject(AbstractBeanFactory.java:304)
	at org.springframework.beans.factory.support.DefaultSingletonBeanRegistry.getSingleton(DefaultSingletonBeanRegistry.java:228)
	at org.springframework.beans.factory.support.AbstractBeanFactory.doGetBean(AbstractBeanFactory.java:300)
	at org.springframework.beans.factory.support.AbstractBeanFactory.getBean(AbstractBeanFactory.java:195)
	at org.springframework.context.support.AbstractApplicationContext.getBean(AbstractApplicationContext.java:973)
	at org.springframework.context.support.AbstractApplicationContext.finishBeanFactoryInitialization(AbstractApplicationContext.java:750)
	at org.springframework.context.support.AbstractApplicationContext.refresh(AbstractApplicationContext.java:482)
	at org.springframework.test.context.support.AbstractGenericContextLoader.loadContext(AbstractGenericContextLoader.java:121)
	at org.springframework.test.context.support.AbstractGenericContextLoader.loadContext(AbstractGenericContextLoader.java:60)
	at org.springframework.test.context.support.AbstractDelegatingSmartContextLoader.delegateLoading(AbstractDelegatingSmartContextLoader.java:100)
	at org.springframework.test.context.support.AbstractDelegatingSmartContextLoader.loadContext(AbstractDelegatingSmartContextLoader.java:250)
	at org.springframework.test.context.CacheAwareContextLoaderDelegate.loadContextInternal(CacheAwareContextLoaderDelegate.java:64)
	at org.springframework.test.context.CacheAwareContextLoaderDelegate.loadContext(CacheAwareContextLoaderDelegate.java:91)
	... 31 more
Caused by: java.lang.IllegalArgumentException: No PersistenceProvider specified in EntityManagerFactory configuration, and chosen PersistenceUnitInfo does not specify a provider class name either
	at org.springframework.orm.jpa.LocalContainerEntityManagerFactoryBean.createNativeEntityManagerFactory(LocalContainerEntityManagerFactoryBean.java:207)
	at org.springframework.orm.jpa.AbstractEntityManagerFactoryBean.afterPropertiesSet(AbstractEntityManagerFactoryBean.java:308)
	at org.springframework.beans.factory.support.AbstractAutowireCapableBeanFactory.invokeInitMethods(AbstractAutowireCapableBeanFactory.java:1612)
	at org.springframework.beans.factory.support.AbstractAutowireCapableBeanFactory.initializeBean(AbstractAutowireCapableBeanFactory.java:1549)
	... 46 more
</error>
    <system-out>20:10:48,310 |-INFO in ch.qos.logback.classic.LoggerContext[default] - Could NOT find resource [logback.groovy]
20:10:48,310 |-INFO in ch.qos.logback.classic.LoggerContext[default] - Found resource [logback-test.xml] at [file:/C:/Users/BenPoon/git/draftking_model/target/test-classes/logback-test.xml]
20:10:48,459 |-INFO in ch.qos.logback.classic.joran.action.ConfigurationAction - debug attribute not set
20:10:48,477 |-INFO in ch.qos.logback.core.joran.action.AppenderAction - About to instantiate appender of type [ch.qos.logback.core.ConsoleAppender]
20:10:48,490 |-INFO in ch.qos.logback.core.joran.action.AppenderAction - Naming appender as [STDOUT]
20:10:48,596 |-WARN in ch.qos.logback.core.ConsoleAppender[STDOUT] - This appender no longer admits a layout as a sub-component, set an encoder instead.
20:10:48,596 |-WARN in ch.qos.logback.core.ConsoleAppender[STDOUT] - To ensure compatibility, wrapping your layout in LayoutWrappingEncoder.
20:10:48,596 |-WARN in ch.qos.logback.core.ConsoleAppender[STDOUT] - See also http://logback.qos.ch/codes.html#layoutInsteadOfEncoder for details
20:10:48,596 |-INFO in ch.qos.logback.core.joran.action.AppenderAction - About to instantiate appender of type [ch.qos.logback.core.FileAppender]
20:10:48,599 |-INFO in ch.qos.logback.core.joran.action.AppenderAction - Naming appender as [FILE]
20:10:48,603 |-WARN in ch.qos.logback.core.FileAppender[FILE] - This appender no longer admits a layout as a sub-component, set an encoder instead.
20:10:48,603 |-WARN in ch.qos.logback.core.FileAppender[FILE] - To ensure compatibility, wrapping your layout in LayoutWrappingEncoder.
20:10:48,603 |-WARN in ch.qos.logback.core.FileAppender[FILE] - See also http://logback.qos.ch/codes.html#layoutInsteadOfEncoder for details
20:10:48,603 |-INFO in ch.qos.logback.core.FileAppender[FILE] - File property is set to [MyLog.log]
20:10:48,605 |-INFO in ch.qos.logback.classic.joran.action.LoggerAction - Setting level of logger [org.springframework] to DEBUG
20:10:48,605 |-INFO in ch.qos.logback.classic.joran.action.LoggerAction - Setting additivity of logger [org.springframework] to false
20:10:48,606 |-INFO in ch.qos.logback.core.joran.action.AppenderRefAction - Attaching appender named [STDOUT] to Logger[org.springframework]
20:10:48,606 |-INFO in ch.qos.logback.classic.joran.action.LoggerAction - Setting level of logger [com.draftking] to DEBUG
20:10:48,606 |-INFO in ch.qos.logback.classic.joran.action.LoggerAction - Setting additivity of logger [com.draftking] to false
20:10:48,606 |-INFO in ch.qos.logback.core.joran.action.AppenderRefAction - Attaching appender named [STDOUT] to Logger[com.draftking]
20:10:48,607 |-INFO in ch.qos.logback.classic.joran.action.RootLoggerAction - Setting level of ROOT logger to DEBUG
20:10:48,607 |-INFO in ch.qos.logback.core.joran.action.AppenderRefAction - Attaching appender named [STDOUT] to Logger[ROOT]
20:10:48,607 |-INFO in ch.qos.logback.core.joran.action.AppenderRefAction - Attaching appender named [FILE] to Logger[ROOT]
20:10:48,607 |-INFO in ch.qos.logback.classic.joran.action.ConfigurationAction - End of configuration.
20:10:48,608 |-INFO in ch.qos.logback.classic.joran.JoranConfigurator@2c8df9a0 - Registering current configuration as safe fallback point

2015-10-12 20:10:48 DEBUG o.s.t.c.j.SpringJUnit4ClassRunner - SpringJUnit4ClassRunner constructor called with [class com.draftking.domain.HomeStatsAllYearsViewTest].
2015-10-12 20:10:48 DEBUG o.s.t.c.s.AbstractDelegatingSmartContextLoader - Delegating to GenericXmlContextLoader to process context configuration [ContextConfigurationAttributes@98f0b11 declaringClass = &apos;com.draftking.domain.HomeStatsAllYearsViewTest&apos;, locations = &apos;{classpath:/META-INF/applicationContext.xml}&apos;, classes = &apos;{}&apos;, inheritLocations = true, initializers = &apos;{}&apos;, inheritInitializers = true, name = [null], contextLoaderClass = &apos;org.springframework.test.context.ContextLoader&apos;].
2015-10-12 20:10:48 DEBUG o.s.test.context.ContextLoaderUtils - Could not find an &apos;annotation declaring class&apos; for annotation type [org.springframework.test.context.ActiveProfiles] and class [com.draftking.domain.HomeStatsAllYearsViewTest]
2015-10-12 20:10:48 DEBUG o.s.t.annotation.ProfileValueUtils - Retrieved @ProfileValueSourceConfiguration [null] for test class [com.draftking.domain.HomeStatsAllYearsViewTest]
2015-10-12 20:10:48 DEBUG o.s.t.annotation.ProfileValueUtils - Retrieved ProfileValueSource type [class org.springframework.test.annotation.SystemProfileValueSource] for class [com.draftking.domain.HomeStatsAllYearsViewTest]
2015-10-12 20:10:48 DEBUG o.s.t.annotation.ProfileValueUtils - Retrieved @ProfileValueSourceConfiguration [null] for test class [com.draftking.domain.HomeStatsAllYearsViewTest]
2015-10-12 20:10:48 DEBUG o.s.t.annotation.ProfileValueUtils - Retrieved ProfileValueSource type [class org.springframework.test.annotation.SystemProfileValueSource] for class [com.draftking.domain.HomeStatsAllYearsViewTest]
2015-10-12 20:10:48 DEBUG o.s.t.annotation.ProfileValueUtils - Retrieved @ProfileValueSourceConfiguration [null] for test class [com.draftking.domain.HomeStatsAllYearsViewTest]
2015-10-12 20:10:48 DEBUG o.s.t.annotation.ProfileValueUtils - Retrieved ProfileValueSource type [class org.springframework.test.annotation.SystemProfileValueSource] for class [com.draftking.domain.HomeStatsAllYearsViewTest]
2015-10-12 20:10:48 DEBUG o.s.t.c.s.DependencyInjectionTestExecutionListener - Performing dependency injection for test context [[DefaultTestContext@12e1e74d testClass = HomeStatsAllYearsViewTest, testInstance = com.draftking.domain.HomeStatsAllYearsViewTest@2d1879ea, testMethod = [null], testException = [null], mergedContextConfiguration = [MergedContextConfiguration@21ec08c7 testClass = HomeStatsAllYearsViewTest, locations = &apos;{classpath:/META-INF/applicationContext.xml}&apos;, classes = &apos;{}&apos;, contextInitializerClasses = &apos;[]&apos;, activeProfiles = &apos;{}&apos;, contextLoader = &apos;org.springframework.test.context.support.DelegatingSmartContextLoader&apos;, parent = [null]]]].
2015-10-12 20:10:48 DEBUG o.s.t.c.s.AbstractDelegatingSmartContextLoader - Delegating to GenericXmlContextLoader to load context from [MergedContextConfiguration@21ec08c7 testClass = HomeStatsAllYearsViewTest, locations = &apos;{classpath:/META-INF/applicationContext.xml}&apos;, classes = &apos;{}&apos;, contextInitializerClasses = &apos;[]&apos;, activeProfiles = &apos;{}&apos;, contextLoader = &apos;org.springframework.test.context.support.DelegatingSmartContextLoader&apos;, parent = [null]].
2015-10-12 20:10:48 DEBUG o.s.t.c.s.AbstractGenericContextLoader - Loading ApplicationContext for merged context configuration [[MergedContextConfiguration@21ec08c7 testClass = HomeStatsAllYearsViewTest, locations = &apos;{classpath:/META-INF/applicationContext.xml}&apos;, classes = &apos;{}&apos;, contextInitializerClasses = &apos;[]&apos;, activeProfiles = &apos;{}&apos;, contextLoader = &apos;org.springframework.test.context.support.DelegatingSmartContextLoader&apos;, parent = [null]]].
2015-10-12 20:10:48 DEBUG o.s.core.env.StandardEnvironment - Initializing new StandardEnvironment
2015-10-12 20:10:48 DEBUG o.s.core.env.StandardEnvironment - Adding [systemProperties] PropertySource with lowest search precedence
2015-10-12 20:10:48 DEBUG o.s.core.env.StandardEnvironment - Adding [systemEnvironment] PropertySource with lowest search precedence
2015-10-12 20:10:48 DEBUG o.s.core.env.StandardEnvironment - Initialized StandardEnvironment with PropertySources [systemProperties,systemEnvironment]
2015-10-12 20:10:48 INFO  o.s.b.f.xml.XmlBeanDefinitionReader - Loading XML bean definitions from class path resource [META-INF/applicationContext.xml]
2015-10-12 20:10:48 DEBUG o.s.b.f.xml.DefaultDocumentLoader - Using JAXP provider [com.sun.org.apache.xerces.internal.jaxp.DocumentBuilderFactoryImpl]
2015-10-12 20:10:48 DEBUG o.s.b.f.xml.PluggableSchemaResolver - Loading schema mappings from [META-INF/spring.schemas]
2015-10-12 20:10:48 DEBUG o.s.b.f.xml.PluggableSchemaResolver - Loaded schema mappings: {http://www.springframework.org/schema/tx/spring-tx-2.5.xsd=org/springframework/transaction/config/spring-tx-2.5.xsd, http://www.springframework.org/schema/context/spring-context-3.1.xsd=org/springframework/context/config/spring-context-3.1.xsd, http://www.springframework.org/schema/jms/spring-jms-2.5.xsd=org/springframework/jms/config/spring-jms-2.5.xsd, http://www.springframework.org/schema/util/spring-util-3.0.xsd=org/springframework/beans/factory/xml/spring-util-3.0.xsd, http://cxf.apache.org/schemas/configuration/http-conf.xsd=schemas/configuration/http-conf.xsd, http://cxf.apache.org/configuration/parameterized-types=schemas/configuration/parameterized-types.xsd, http://www.springframework.org/schema/security/spring-security-3.0.3.xsd=org/springframework/security/config/spring-security-3.0.3.xsd, http://www.springframework.org/schema/security/spring-security-2.0.1.xsd=org/springframework/security/config/spring-security-2.0.1.xsd, http://www.springframework.org/schema/tool/spring-tool.xsd=org/springframework/beans/factory/xml/spring-tool-4.0.xsd, http://www.springframework.org/schema/aop/spring-aop-3.2.xsd=org/springframework/aop/config/spring-aop-3.2.xsd, http://www.springframework.org/schema/context/spring-context-4.0.xsd=org/springframework/context/config/spring-context-4.0.xsd, http://www.springframework.org/schema/mvc/spring-mvc-3.2.xsd=org/springframework/web/servlet/config/spring-mvc-3.2.xsd, http://cxf.apache.org/schemas/jaxrs.xsd=schemas/jaxrs.xsd, http://www.springframework.org/schema/lang/spring-lang-3.2.xsd=org/springframework/scripting/config/spring-lang-3.2.xsd, http://www.springframework.org/schema/cache/spring-cache-3.2.xsd=org/springframework/cache/config/spring-cache-3.2.xsd, http://www.springframework.org/schema/util/spring-util-2.0.xsd=org/springframework/beans/factory/xml/spring-util-2.0.xsd, http://www.springframework.org/schema/tool/spring-tool-3.2.xsd=org/springframework/beans/factory/xml/spring-tool-3.2.xsd, http://www.springframework.org/schema/context/spring-context.xsd=org/springframework/context/config/spring-context-4.0.xsd, http://schemas.xmlsoap.org/ws/2004/08/addressing=schemas/wsdl/addressing.xsd, http://www.springframework.org/schema/aop/spring-aop-4.0.xsd=org/springframework/aop/config/spring-aop-4.0.xsd, http://www.springframework.org/schema/security/spring-security-2.0.xsd=org/springframework/security/config/spring-security-2.0.xsd, http://www.springframework.org/schema/jee/spring-jee-3.2.xsd=org/springframework/ejb/config/spring-jee-3.2.xsd, http://www.springframework.org/schema/context/spring-context-3.0.xsd=org/springframework/context/config/spring-context-3.0.xsd, http://www.springframework.org/schema/mvc/spring-mvc-4.0.xsd=org/springframework/web/servlet/config/spring-mvc-4.0.xsd, http://www.springframework.org/schema/util/spring-util-2.5.xsd=org/springframework/beans/factory/xml/spring-util-2.5.xsd, http://www.springframework.org/schema/beans/spring-beans-3.2.xsd=org/springframework/beans/factory/xml/spring-beans-3.2.xsd, http://www.springframework.org/schema/aop/spring-aop-3.1.xsd=org/springframework/aop/config/spring-aop-3.1.xsd, http://schemas.xmlsoap.org/wsdl/=schemas/wsdl/wsdl.xsd, http://www.springframework.org/schema/lang/spring-lang-4.0.xsd=org/springframework/scripting/config/spring-lang-4.0.xsd, http://activemq.apache.org/schema/core=activemq.xsd, http://www.springframework.org/schema/mvc/spring-mvc.xsd=org/springframework/web/servlet/config/spring-mvc-4.0.xsd, http://www.springframework.org/schema/mvc/spring-mvc-3.1.xsd=org/springframework/web/servlet/config/spring-mvc-3.1.xsd, http://www.springframework.org/schema/tool/spring-tool-4.0.xsd=org/springframework/beans/factory/xml/spring-tool-4.0.xsd, http://www.springframework.org/schema/lang/spring-lang-3.1.xsd=org/springframework/scripting/config/spring-lang-3.1.xsd, http://www.springframework.org/schema/cache/spring-cache-3.1.xsd=org/springframework/cache/config/spring-cache-3.1.xsd, http://www.springframework.org/schema/jee/spring-jee-4.0.xsd=org/springframework/ejb/config/spring-jee-4.0.xsd, http://www.springframework.org/schema/jdbc/spring-jdbc-3.0.xsd=org/springframework/jdbc/config/spring-jdbc-3.0.xsd, http://www.springframework.org/schema/jdbc/spring-jdbc.xsd=org/springframework/jdbc/config/spring-jdbc-3.0.xsd, http://www.springframework.org/schema/tool/spring-tool-3.1.xsd=org/springframework/beans/factory/xml/spring-tool-3.1.xsd, http://schemas.xmlsoap.org/wsdl/http/=schemas/wsdl/http.xsd, http://www.springframework.org/schema/cache/spring-cache-4.0.xsd=org/springframework/cache/config/spring-cache-4.0.xsd, http://www.springframework.org/schema/jee/spring-jee-3.1.xsd=org/springframework/ejb/config/spring-jee-3.1.xsd, http://cxf.apache.org/schemas/configuration/parameterized-types.xsd=schemas/configuration/parameterized-types.xsd, http://www.springframework.org/schema/task/spring-task-3.2.xsd=org/springframework/scheduling/config/spring-task-3.2.xsd, http://www.springframework.org/schema/beans/spring-beans-3.1.xsd=org/springframework/beans/factory/xml/spring-beans-3.1.xsd, http://www.springframework.org/schema/util/spring-util.xsd=org/springframework/beans/factory/xml/spring-util-4.0.xsd, http://www.springframework.org/schema/aop/spring-aop-3.0.xsd=org/springframework/aop/config/spring-aop-3.0.xsd, http://cxf.apache.org/schemas/jaxrs-common.xsd=schemas/jaxrs-common.xsd, http://www.springframework.org/schema/jms/spring-jms-3.2.xsd=org/springframework/jms/config/spring-jms-3.2.xsd, http://www.springframework.org/schema/mvc/spring-mvc-3.0.xsd=org/springframework/web/servlet/config/spring-mvc-3.0.xsd, http://www.springframework.org/schema/beans/spring-beans-4.0.xsd=org/springframework/beans/factory/xml/spring-beans-4.0.xsd, http://www.springframework.org/schema/beans/spring-beans.xsd=org/springframework/beans/factory/xml/spring-beans-4.0.xsd, http://www.springframework.org/schema/security/spring-security-2.0.4.xsd=org/springframework/security/config/spring-security-2.0.4.xsd, http://www.springframework.org/schema/lang/spring-lang-3.0.xsd=org/springframework/scripting/config/spring-lang-3.0.xsd, http://schemas.xmlsoap.org/wsdl/2003-02-11.xsd=schemas/wsdl/wsdl.xsd, http://www.springframework.org/schema/context/spring-context-2.5.xsd=org/springframework/context/config/spring-context-2.5.xsd, http://activemq.apache.org/schema/core/activemq-core.xsd=activemq.xsd, http://activemq.org/config/1.0=activemq.xsd, http://www.springframework.org/schema/task/spring-task-4.0.xsd=org/springframework/scheduling/config/spring-task-4.0.xsd, http://www.springframework.org/schema/tool/spring-tool-3.0.xsd=org/springframework/beans/factory/xml/spring-tool-3.0.xsd, http://www.springframework.org/schema/aop/spring-aop-2.0.xsd=org/springframework/aop/config/spring-aop-2.0.xsd, http://www.springframework.org/schema/security/spring-security-3.2.xsd=org/springframework/security/config/spring-security-3.2.xsd, http://www.springframework.org/schema/jee/spring-jee-3.0.xsd=org/springframework/ejb/config/spring-jee-3.0.xsd, http://www.springframework.org/schema/task/spring-task-3.1.xsd=org/springframework/scheduling/config/spring-task-3.1.xsd, http://www.springframework.org/schema/beans/spring-beans-3.0.xsd=org/springframework/beans/factory/xml/spring-beans-3.0.xsd, http://activemq.org/config/1.0/1.0.xsd=activemq.xsd, http://cxf.apache.org/schemas/wsdl/http-conf.xsd=schemas/wsdl/http-conf.xsd, http://www.springframework.org/schema/jee/spring-jee.xsd=org/springframework/ejb/config/spring-jee-4.0.xsd, http://www.springframework.org/schema/jms/spring-jms.xsd=org/springframework/jms/config/spring-jms-4.0.xsd, http://www.springframework.org/schema/aop/spring-aop-2.5.xsd=org/springframework/aop/config/spring-aop-2.5.xsd, http://www.springframework.org/schema/lang/spring-lang-2.0.xsd=org/springframework/scripting/config/spring-lang-2.0.xsd, http://www.springframework.org/schema/jms/spring-jms-3.1.xsd=org/springframework/jms/config/spring-jms-3.1.xsd, http://www.springframework.org/schema/util/spring-util-3.2.xsd=org/springframework/beans/factory/xml/spring-util-3.2.xsd, http://www.springframework.org/schema/task/spring-task.xsd=org/springframework/scheduling/config/spring-task-4.0.xsd, http://www.springframework.org/schema/tool/spring-tool-2.0.xsd=org/springframework/beans/factory/xml/spring-tool-2.0.xsd, http://www.springframework.org/schema/tx/spring-tx-3.0.xsd=org/springframework/transaction/config/spring-tx-3.0.xsd, http://www.springframework.org/schema/lang/spring-lang-2.5.xsd=org/springframework/scripting/config/spring-lang-2.5.xsd, http://www.springframework.org/schema/jms/spring-jms-4.0.xsd=org/springframework/jms/config/spring-jms-4.0.xsd, http://www.springframework.org/schema/jee/spring-jee-2.0.xsd=org/springframework/ejb/config/spring-jee-2.0.xsd, http://www.springframework.org/schema/tool/spring-tool-2.5.xsd=org/springframework/beans/factory/xml/spring-tool-2.5.xsd, http://www.springframework.org/schema/security/spring-security-3.1.xsd=org/springframework/security/config/spring-security-3.1.xsd, http://www.springframework.org/schema/jee/spring-jee-2.5.xsd=org/springframework/ejb/config/spring-jee-2.5.xsd, http://cxf.apache.org/schemas/configuration/cxf-beans.xsd=schemas/configuration/cxf-beans.xsd, http://www.springframework.org/schema/util/spring-util-4.0.xsd=org/springframework/beans/factory/xml/spring-util-4.0.xsd, http://www.springframework.org/schema/task/spring-task-3.0.xsd=org/springframework/scheduling/config/spring-task-3.0.xsd, http://cxf.apache.org/schemas/core.xsd=schemas/core.xsd, http://www.springframework.org/schema/lang/spring-lang.xsd=org/springframework/scripting/config/spring-lang-4.0.xsd, http://www.springframework.org/schema/context/spring-context-3.2.xsd=org/springframework/context/config/spring-context-3.2.xsd, http://www.springframework.org/schema/jms/spring-jms-3.0.xsd=org/springframework/jms/config/spring-jms-3.0.xsd, http://www.springframework.org/schema/util/spring-util-3.1.xsd=org/springframework/beans/factory/xml/spring-util-3.1.xsd, http://www.springframework.org/schema/beans/spring-beans-2.0.xsd=org/springframework/beans/factory/xml/spring-beans-2.0.xsd, http://cxf.apache.org/schemas/configuration/security.xsd=schemas/configuration/security.xsd, http://www.springframework.org/schema/cache/spring-cache.xsd=org/springframework/cache/config/spring-cache-4.0.xsd, http://www.springframework.org/schema/tx/spring-tx.xsd=org/springframework/transaction/config/spring-tx-3.0.xsd, http://www.springframework.org/schema/security/spring-security-2.0.2.xsd=org/springframework/security/config/spring-security-2.0.2.xsd, http://www.springframework.org/schema/beans/spring-beans-2.5.xsd=org/springframework/beans/factory/xml/spring-beans-2.5.xsd, http://www.springframework.org/schema/security/spring-security.xsd=org/springframework/security/config/spring-security-3.2.xsd, http://www.springframework.org/schema/tx/spring-tx-2.0.xsd=org/springframework/transaction/config/spring-tx-2.0.xsd, http://www.springframework.org/schema/security/spring-security-3.0.xsd=org/springframework/security/config/spring-security-3.0.xsd, http://www.springframework.org/schema/aop/spring-aop.xsd=org/springframework/aop/config/spring-aop-4.0.xsd}
2015-10-12 20:10:48 DEBUG o.s.b.f.xml.PluggableSchemaResolver - Found XML schema [http://www.springframework.org/schema/beans/spring-beans.xsd] in classpath: org/springframework/beans/factory/xml/spring-beans-4.0.xsd
2015-10-12 20:10:49 DEBUG o.s.b.f.xml.PluggableSchemaResolver - Found XML schema [http://www.springframework.org/schema/aop/spring-aop-3.0.xsd] in classpath: org/springframework/aop/config/spring-aop-3.0.xsd
2015-10-12 20:10:49 DEBUG o.s.b.f.xml.PluggableSchemaResolver - Found XML schema [http://www.springframework.org/schema/tool/spring-tool-3.0.xsd] in classpath: org/springframework/beans/factory/xml/spring-tool-3.0.xsd
2015-10-12 20:10:49 DEBUG o.s.b.f.xml.PluggableSchemaResolver - Found XML schema [http://www.springframework.org/schema/context/spring-context.xsd] in classpath: org/springframework/context/config/spring-context-4.0.xsd
2015-10-12 20:10:49 DEBUG o.s.b.f.xml.PluggableSchemaResolver - Found XML schema [http://cxf.apache.org/schemas/jaxrs.xsd] in classpath: schemas/jaxrs.xsd
2015-10-12 20:10:49 DEBUG o.s.b.f.xml.PluggableSchemaResolver - Found XML schema [http://cxf.apache.org/schemas/configuration/cxf-beans.xsd] in classpath: schemas/configuration/cxf-beans.xsd
2015-10-12 20:10:49 DEBUG o.s.b.f.xml.PluggableSchemaResolver - Found XML schema [http://cxf.apache.org/schemas/jaxrs-common.xsd] in classpath: schemas/jaxrs-common.xsd
2015-10-12 20:10:49 DEBUG o.s.b.f.xml.PluggableSchemaResolver - Found XML schema [http://cxf.apache.org/schemas/core.xsd] in classpath: schemas/core.xsd
2015-10-12 20:10:49 DEBUG o.s.b.f.xml.PluggableSchemaResolver - Found XML schema [http://cxf.apache.org/schemas/configuration/parameterized-types.xsd] in classpath: schemas/configuration/parameterized-types.xsd
2015-10-12 20:10:49 DEBUG o.s.b.f.x.DefaultBeanDefinitionDocumentReader - Loading bean definitions
2015-10-12 20:10:49 DEBUG o.s.b.f.x.DefaultNamespaceHandlerResolver - Loaded NamespaceHandler mappings: {http://www.springframework.org/schema/task=org.springframework.scheduling.config.TaskNamespaceHandler, http://activemq.apache.org/schema/core=org.apache.xbean.spring.context.v2.XBeanNamespaceHandler, http://www.springframework.org/schema/p=org.springframework.beans.factory.xml.SimplePropertyNamespaceHandler, http://www.springframework.org/schema/lang=org.springframework.scripting.config.LangNamespaceHandler, http://www.springframework.org/schema/util=org.springframework.beans.factory.xml.UtilNamespaceHandler, http://www.springframework.org/schema/c=org.springframework.beans.factory.xml.SimpleConstructorNamespaceHandler, http://www.springframework.org/schema/jee=org.springframework.ejb.config.JeeNamespaceHandler, http://cxf.apache.org/transports/http/configuration=org.apache.cxf.transport.http.spring.NamespaceHandler, http://www.springframework.org/schema/tx=org.springframework.transaction.config.TxNamespaceHandler, http://www.springframework.org/schema/jdbc=org.springframework.jdbc.config.JdbcNamespaceHandler, http://www.springframework.org/schema/aop=org.springframework.aop.config.AopNamespaceHandler, http://www.springframework.org/schema/context=org.springframework.context.config.ContextNamespaceHandler, http://cxf.apache.org/core=org.apache.cxf.bus.spring.NamespaceHandler, http://cxf.apache.org/jaxrs=org.apache.cxf.jaxrs.spring.NamespaceHandler, http://www.springframework.org/schema/security=org.springframework.security.config.SecurityNamespaceHandler, http://www.springframework.org/schema/jms=org.springframework.jms.config.JmsNamespaceHandler, http://www.springframework.org/schema/cache=org.springframework.cache.config.CacheNamespaceHandler, http://activemq.org/config/1.0=org.apache.xbean.spring.context.v2.XBeanNamespaceHandler, http://www.springframework.org/schema/mvc=org.springframework.web.servlet.config.MvcNamespaceHandler}
2015-10-12 20:10:49 DEBUG o.s.c.a.ClassPathBeanDefinitionScanner - JSR-250 &apos;javax.annotation.ManagedBean&apos; found and supported for component scanning
2015-10-12 20:10:49 DEBUG o.s.c.i.s.PathMatchingResourcePatternResolver - Resolved location pattern [classpath*:com/idodevjobs/**/*.class] to resources []
2015-10-12 20:10:49 DEBUG o.s.c.i.s.PathMatchingResourcePatternResolver - Looking for matching resources in directory tree [C:\Users\BenPoon\git\draftking_model\target\test-classes\com\draftking]
2015-10-12 20:10:49 DEBUG o.s.c.i.s.PathMatchingResourcePatternResolver - Searching directory [C:\Users\BenPoon\git\draftking_model\target\test-classes\com\draftking] for files matching pattern [C:/Users/BenPoon/git/draftking_model/target/test-classes/com/draftking/**/*.class]
2015-10-12 20:10:49 DEBUG o.s.c.i.s.PathMatchingResourcePatternResolver - Searching directory [C:\Users\BenPoon\git\draftking_model\target\test-classes\com\draftking\domain] for files matching pattern [C:/Users/BenPoon/git/draftking_model/target/test-classes/com/draftking/**/*.class]
2015-10-12 20:10:49 DEBUG o.s.c.i.s.PathMatchingResourcePatternResolver - Searching directory [C:\Users\BenPoon\git\draftking_model\target\test-classes\com\draftking\security] for files matching pattern [C:/Users/BenPoon/git/draftking_model/target/test-classes/com/draftking/**/*.class]
2015-10-12 20:10:49 DEBUG o.s.c.i.s.PathMatchingResourcePatternResolver - Looking for matching resources in directory tree [C:\Users\BenPoon\git\draftking_model\target\classes\com\draftking]
2015-10-12 20:10:49 DEBUG o.s.c.i.s.PathMatchingResourcePatternResolver - Searching directory [C:\Users\BenPoon\git\draftking_model\target\classes\com\draftking] for files matching pattern [C:/Users/BenPoon/git/draftking_model/target/classes/com/draftking/**/*.class]
2015-10-12 20:10:49 DEBUG o.s.c.i.s.PathMatchingResourcePatternResolver - Searching directory [C:\Users\BenPoon\git\draftking_model\target\classes\com\draftking\dao] for files matching pattern [C:/Users/BenPoon/git/draftking_model/target/classes/com/draftking/**/*.class]
2015-10-12 20:10:49 DEBUG o.s.c.i.s.PathMatchingResourcePatternResolver - Searching directory [C:\Users\BenPoon\git\draftking_model\target\classes\com\draftking\domain] for files matching pattern [C:/Users/BenPoon/git/draftking_model/target/classes/com/draftking/**/*.class]
2015-10-12 20:10:49 DEBUG o.s.c.i.s.PathMatchingResourcePatternResolver - Searching directory [C:\Users\BenPoon\git\draftking_model\target\classes\com\draftking\dto] for files matching pattern [C:/Users/BenPoon/git/draftking_model/target/classes/com/draftking/**/*.class]
2015-10-12 20:10:49 DEBUG o.s.c.i.s.PathMatchingResourcePatternResolver - Searching directory [C:\Users\BenPoon\git\draftking_model\target\classes\com\draftking\jms] for files matching pattern [C:/Users/BenPoon/git/draftking_model/target/classes/com/draftking/**/*.class]
2015-10-12 20:10:49 DEBUG o.s.c.i.s.PathMatchingResourcePatternResolver - Searching directory [C:\Users\BenPoon\git\draftking_model\target\classes\com\draftking\json] for files matching pattern [C:/Users/BenPoon/git/draftking_model/target/classes/com/draftking/**/*.class]
2015-10-12 20:10:49 DEBUG o.s.c.i.s.PathMatchingResourcePatternResolver - Searching directory [C:\Users\BenPoon\git\draftking_model\target\classes\com\draftking\resource] for files matching pattern [C:/Users/BenPoon/git/draftking_model/target/classes/com/draftking/**/*.class]
2015-10-12 20:10:49 DEBUG o.s.c.i.s.PathMatchingResourcePatternResolver - Searching directory [C:\Users\BenPoon\git\draftking_model\target\classes\com\draftking\security] for files matching pattern [C:/Users/BenPoon/git/draftking_model/target/classes/com/draftking/**/*.class]
2015-10-12 20:10:49 DEBUG o.s.c.i.s.PathMatchingResourcePatternResolver - Searching directory [C:\Users\BenPoon\git\draftking_model\target\classes\com\draftking\service] for files matching pattern [C:/Users/BenPoon/git/draftking_model/target/classes/com/draftking/**/*.class]
2015-10-12 20:10:49 DEBUG o.s.c.i.s.PathMatchingResourcePatternResolver - Searching directory [C:\Users\BenPoon\git\draftking_model\target\classes\com\draftking\sql] for files matching pattern [C:/Users/BenPoon/git/draftking_model/target/classes/com/draftking/**/*.class]
2015-10-12 20:10:49 DEBUG o.s.c.i.s.PathMatchingResourcePatternResolver - Searching directory [C:\Users\BenPoon\git\draftking_model\target\classes\com\draftking\utility] for files matching pattern [C:/Users/BenPoon/git/draftking_model/target/classes/com/draftking/**/*.class]
2015-10-12 20:10:49 DEBUG o.s.c.i.s.PathMatchingResourcePatternResolver - Resolved location pattern [classpath*:com/draftking/**/*.class] to resources [file [C:\Users\BenPoon\git\draftking_model\target\test-classes\com\draftking\domain\HomeStatsAllYearsViewTest.class], file [C:\Users\BenPoon\git\draftking_model\target\test-classes\com\draftking\security\HttpCLientTest$1.class], file [C:\Users\BenPoon\git\draftking_model\target\test-classes\com\draftking\security\HttpCLientTest$Http_Mode.class], file [C:\Users\BenPoon\git\draftking_model\target\test-classes\com\draftking\security\HttpCLientTest.class], file [C:\Users\BenPoon\git\draftking_model\target\classes\com\draftking\dao\DAOProxyFactory.class], file [C:\Users\BenPoon\git\draftking_model\target\classes\com\draftking\dao\GenericDAO.class], file [C:\Users\BenPoon\git\draftking_model\target\classes\com\draftking\dao\GenericDAOImpl.class], file [C:\Users\BenPoon\git\draftking_model\target\classes\com\draftking\dao\HibernateDAOHandler.class], file [C:\Users\BenPoon\git\draftking_model\target\classes\com\draftking\dao\HomeStatsAllYearsDAO.class], file [C:\Users\BenPoon\git\draftking_model\target\classes\com\draftking\dao\JPAGenericDAO.class], file [C:\Users\BenPoon\git\draftking_model\target\classes\com\draftking\dao\JPAGenericDAOImpl.class], file [C:\Users\BenPoon\git\draftking_model\target\classes\com\draftking\domain\AbstractDomain.class], file [C:\Users\BenPoon\git\draftking_model\target\classes\com\draftking\domain\HomeStatsAllYears.class], file [C:\Users\BenPoon\git\draftking_model\target\classes\com\draftking\dto\PlayersStatsAllYearsDTO.class], file [C:\Users\BenPoon\git\draftking_model\target\classes\com\draftking\dto\PlayerStatsAllYearsDTO.class], file [C:\Users\BenPoon\git\draftking_model\target\classes\com\draftking\jms\JmsMessageConsumer.class], file [C:\Users\BenPoon\git\draftking_model\target\classes\com\draftking\jms\JmsMessageSender$1.class], file [C:\Users\BenPoon\git\draftking_model\target\classes\com\draftking\jms\JmsMessageSender$2.class], file [C:\Users\BenPoon\git\draftking_model\target\classes\com\draftking\jms\JmsMessageSender.class], file [C:\Users\BenPoon\git\draftking_model\target\classes\com\draftking\json\AllPlayersStatsJSON.class], file [C:\Users\BenPoon\git\draftking_model\target\classes\com\draftking\json\PlayerStatsJSON.class], file [C:\Users\BenPoon\git\draftking_model\target\classes\com\draftking\resource\PlayerHomeStatsResource.class], file [C:\Users\BenPoon\git\draftking_model\target\classes\com\draftking\resource\PlayerHomeStatsResourceImpl.class], file [C:\Users\BenPoon\git\draftking_model\target\classes\com\draftking\security\RestAuthenticationSuccessHandler.class], file [C:\Users\BenPoon\git\draftking_model\target\classes\com\draftking\service\HomeStatsAllYearsService.class], file [C:\Users\BenPoon\git\draftking_model\target\classes\com\draftking\service\HomeStatsAllYearsServiceImp.class], file [C:\Users\BenPoon\git\draftking_model\target\classes\com\draftking\utility\HomeStatsAllYearsMapperImpl.class], file [C:\Users\BenPoon\git\draftking_model\target\classes\com\draftking\utility\Mapper.class], file [C:\Users\BenPoon\git\draftking_model\target\classes\com\draftking\utility\MapperImpl.class]]
2015-10-12 20:10:49 DEBUG o.s.c.a.ClassPathBeanDefinitionScanner - Identified candidate component class: file [C:\Users\BenPoon\git\draftking_model\target\classes\com\draftking\jms\JmsMessageConsumer.class]
2015-10-12 20:10:49 DEBUG o.s.c.a.ClassPathBeanDefinitionScanner - Identified candidate component class: file [C:\Users\BenPoon\git\draftking_model\target\classes\com\draftking\jms\JmsMessageSender.class]
2015-10-12 20:10:49 DEBUG o.s.c.a.ClassPathBeanDefinitionScanner - Identified candidate component class: file [C:\Users\BenPoon\git\draftking_model\target\classes\com\draftking\resource\PlayerHomeStatsResourceImpl.class]
2015-10-12 20:10:49 DEBUG o.s.c.a.ClassPathBeanDefinitionScanner - Identified candidate component class: file [C:\Users\BenPoon\git\draftking_model\target\classes\com\draftking\security\RestAuthenticationSuccessHandler.class]
2015-10-12 20:10:49 DEBUG o.s.c.a.ClassPathBeanDefinitionScanner - Identified candidate component class: file [C:\Users\BenPoon\git\draftking_model\target\classes\com\draftking\service\HomeStatsAllYearsServiceImp.class]
2015-10-12 20:10:49 DEBUG o.s.c.a.ClassPathBeanDefinitionScanner - Identified candidate component class: file [C:\Users\BenPoon\git\draftking_model\target\classes\com\draftking\utility\HomeStatsAllYearsMapperImpl.class]
2015-10-12 20:10:49 INFO  o.s.b.f.xml.XmlBeanDefinitionReader - Loading XML bean definitions from class path resource [META-INF/cxf/cxf.xml]
2015-10-12 20:10:49 DEBUG o.s.b.f.xml.DefaultDocumentLoader - Using JAXP provider [com.sun.org.apache.xerces.internal.jaxp.DocumentBuilderFactoryImpl]
2015-10-12 20:10:49 DEBUG o.s.b.f.xml.PluggableSchemaResolver - Found XML schema [http://www.springframework.org/schema/beans/spring-beans.xsd] in classpath: org/springframework/beans/factory/xml/spring-beans-4.0.xsd
2015-10-12 20:10:49 DEBUG o.s.b.f.x.DefaultBeanDefinitionDocumentReader - Loading bean definitions
2015-10-12 20:10:49 DEBUG o.s.b.f.xml.XmlBeanDefinitionReader - Loaded 4 bean definitions from location pattern [classpath:META-INF/cxf/cxf.xml]
2015-10-12 20:10:49 DEBUG o.s.b.f.x.DefaultBeanDefinitionDocumentReader - Imported 4 bean definitions from URL location [classpath:META-INF/cxf/cxf.xml]
2015-10-12 20:10:49 DEBUG o.apache.cxf.common.logging.LogUtils - Using org.apache.cxf.common.logging.Slf4jLogger for logging.
2015-10-12 20:10:49 DEBUG o.a.c.c.s.AbstractBeanDefinitionParser - Adding org.apache.cxf.configuration.spring.AbstractBeanDefinitionParser.wireBus attribute PROPERTY to bean org.springframework.beans.factory.support.BeanDefinitionBuilder@74fa8957
2015-10-12 20:10:49 DEBUG o.s.b.f.x.BeanDefinitionParserDelegate - Using generated bean name [cxf:logging#1779e93] for nested custom element &apos;cxf:logging&apos;
2015-10-12 20:10:49 DEBUG o.s.b.f.x.BeanDefinitionParserDelegate - Neither XML &apos;id&apos; nor &apos;name&apos; specified - using generated bean name [com.fasterxml.jackson.jaxrs.json.JacksonJsonProvider#544bc5a5]
2015-10-12 20:10:49 DEBUG o.s.b.f.xml.XmlBeanDefinitionReader - Loaded 23 bean definitions from location pattern [classpath:/META-INF/applicationContext.xml]
2015-10-12 20:10:49 INFO  o.s.c.s.GenericApplicationContext - Refreshing org.springframework.context.support.GenericApplicationContext@6234a1ed: startup date [Mon Oct 12 20:10:49 EDT 2015]; root of context hierarchy
2015-10-12 20:10:49 DEBUG o.s.c.s.GenericApplicationContext - Bean factory for org.springframework.context.support.GenericApplicationContext@6234a1ed: org.springframework.beans.factory.support.DefaultListableBeanFactory@75536174: defining beans [org.springframework.aop.config.internalAutoProxyCreator,org.springframework.context.annotation.internalConfigurationAnnotationProcessor,org.springframework.context.annotation.internalAutowiredAnnotationProcessor,org.springframework.context.annotation.internalRequiredAnnotationProcessor,org.springframework.context.annotation.internalCommonAnnotationProcessor,org.springframework.context.annotation.internalPersistenceAnnotationProcessor,messageListener1,messageProducer,playerHomeStatsResource,RestAuthenticationSuccessHandler,HomeStatsAllYears,homeStatsAllYearsMapperImpl,cxf,org.apache.cxf.bus.spring.BusWiringBeanFactoryPostProcessor,org.apache.cxf.bus.spring.Jsr250BeanPostProcessor,org.apache.cxf.bus.spring.BusExtensionPostProcessor,myDataSource,entityManagerFactory,transactionManager,daoProxyFactory,homeStatsAllYearsDAO,PlayerHomeStatsResource,exampleCxfServer]; root of factory hierarchy
2015-10-12 20:10:49 DEBUG o.s.b.f.s.DefaultListableBeanFactory - Creating shared instance of singleton bean &apos;org.springframework.context.annotation.internalConfigurationAnnotationProcessor&apos;
2015-10-12 20:10:49 DEBUG o.s.b.f.s.DefaultListableBeanFactory - Creating instance of bean &apos;org.springframework.context.annotation.internalConfigurationAnnotationProcessor&apos;
2015-10-12 20:10:49 DEBUG o.s.b.f.s.DefaultListableBeanFactory - Eagerly caching bean &apos;org.springframework.context.annotation.internalConfigurationAnnotationProcessor&apos; to allow for resolving potential circular references
2015-10-12 20:10:49 DEBUG o.s.b.f.s.DefaultListableBeanFactory - Finished creating instance of bean &apos;org.springframework.context.annotation.internalConfigurationAnnotationProcessor&apos;
2015-10-12 20:10:49 DEBUG o.s.b.f.s.DefaultListableBeanFactory - Creating shared instance of singleton bean &apos;org.apache.cxf.bus.spring.BusWiringBeanFactoryPostProcessor&apos;
2015-10-12 20:10:49 DEBUG o.s.b.f.s.DefaultListableBeanFactory - Creating instance of bean &apos;org.apache.cxf.bus.spring.BusWiringBeanFactoryPostProcessor&apos;
2015-10-12 20:10:49 DEBUG o.s.b.f.s.DefaultListableBeanFactory - Eagerly caching bean &apos;org.apache.cxf.bus.spring.BusWiringBeanFactoryPostProcessor&apos; to allow for resolving potential circular references
2015-10-12 20:10:49 DEBUG o.s.b.f.s.DefaultListableBeanFactory - Finished creating instance of bean &apos;org.apache.cxf.bus.spring.BusWiringBeanFactoryPostProcessor&apos;
2015-10-12 20:10:49 DEBUG o.s.b.f.s.DefaultListableBeanFactory - Creating shared instance of singleton bean &apos;org.springframework.context.annotation.internalAutowiredAnnotationProcessor&apos;
2015-10-12 20:10:49 DEBUG o.s.b.f.s.DefaultListableBeanFactory - Creating instance of bean &apos;org.springframework.context.annotation.internalAutowiredAnnotationProcessor&apos;
2015-10-12 20:10:49 DEBUG o.s.b.f.s.DefaultListableBeanFactory - Eagerly caching bean &apos;org.springframework.context.annotation.internalAutowiredAnnotationProcessor&apos; to allow for resolving potential circular references
2015-10-12 20:10:49 DEBUG o.s.b.f.s.DefaultListableBeanFactory - Finished creating instance of bean &apos;org.springframework.context.annotation.internalAutowiredAnnotationProcessor&apos;
2015-10-12 20:10:49 DEBUG o.s.b.f.s.DefaultListableBeanFactory - Creating shared instance of singleton bean &apos;org.springframework.context.annotation.internalRequiredAnnotationProcessor&apos;
2015-10-12 20:10:49 DEBUG o.s.b.f.s.DefaultListableBeanFactory - Creating instance of bean &apos;org.springframework.context.annotation.internalRequiredAnnotationProcessor&apos;
2015-10-12 20:10:49 DEBUG o.s.b.f.s.DefaultListableBeanFactory - Eagerly caching bean &apos;org.springframework.context.annotation.internalRequiredAnnotationProcessor&apos; to allow for resolving potential circular references
2015-10-12 20:10:49 DEBUG o.s.b.f.s.DefaultListableBeanFactory - Finished creating instance of bean &apos;org.springframework.context.annotation.internalRequiredAnnotationProcessor&apos;
2015-10-12 20:10:49 DEBUG o.s.b.f.s.DefaultListableBeanFactory - Creating shared instance of singleton bean &apos;org.springframework.context.annotation.internalCommonAnnotationProcessor&apos;
2015-10-12 20:10:49 DEBUG o.s.b.f.s.DefaultListableBeanFactory - Creating instance of bean &apos;org.springframework.context.annotation.internalCommonAnnotationProcessor&apos;
2015-10-12 20:10:49 DEBUG o.s.b.f.s.DefaultListableBeanFactory - Eagerly caching bean &apos;org.springframework.context.annotation.internalCommonAnnotationProcessor&apos; to allow for resolving potential circular references
2015-10-12 20:10:49 DEBUG o.s.b.f.s.DefaultListableBeanFactory - Finished creating instance of bean &apos;org.springframework.context.annotation.internalCommonAnnotationProcessor&apos;
2015-10-12 20:10:49 DEBUG o.s.b.f.s.DefaultListableBeanFactory - Creating shared instance of singleton bean &apos;org.springframework.context.annotation.internalPersistenceAnnotationProcessor&apos;
2015-10-12 20:10:49 DEBUG o.s.b.f.s.DefaultListableBeanFactory - Creating instance of bean &apos;org.springframework.context.annotation.internalPersistenceAnnotationProcessor&apos;
2015-10-12 20:10:49 DEBUG o.s.b.f.s.DefaultListableBeanFactory - Eagerly caching bean &apos;org.springframework.context.annotation.internalPersistenceAnnotationProcessor&apos; to allow for resolving potential circular references
2015-10-12 20:10:49 DEBUG o.s.b.f.s.DefaultListableBeanFactory - Finished creating instance of bean &apos;org.springframework.context.annotation.internalPersistenceAnnotationProcessor&apos;
2015-10-12 20:10:49 DEBUG o.s.b.f.s.DefaultListableBeanFactory - Creating shared instance of singleton bean &apos;org.springframework.context.annotation.ConfigurationClassPostProcessor.importAwareProcessor&apos;
2015-10-12 20:10:49 DEBUG o.s.b.f.s.DefaultListableBeanFactory - Creating instance of bean &apos;org.springframework.context.annotation.ConfigurationClassPostProcessor.importAwareProcessor&apos;
2015-10-12 20:10:49 DEBUG o.s.b.f.s.DefaultListableBeanFactory - Eagerly caching bean &apos;org.springframework.context.annotation.ConfigurationClassPostProcessor.importAwareProcessor&apos; to allow for resolving potential circular references
2015-10-12 20:10:49 DEBUG o.s.b.f.s.DefaultListableBeanFactory - Finished creating instance of bean &apos;org.springframework.context.annotation.ConfigurationClassPostProcessor.importAwareProcessor&apos;
2015-10-12 20:10:49 DEBUG o.s.b.f.s.DefaultListableBeanFactory - Creating shared instance of singleton bean &apos;org.springframework.context.annotation.ConfigurationClassPostProcessor.enhancedConfigurationProcessor&apos;
2015-10-12 20:10:49 DEBUG o.s.b.f.s.DefaultListableBeanFactory - Creating instance of bean &apos;org.springframework.context.annotation.ConfigurationClassPostProcessor.enhancedConfigurationProcessor&apos;
2015-10-12 20:10:49 DEBUG o.s.b.f.s.DefaultListableBeanFactory - Eagerly caching bean &apos;org.springframework.context.annotation.ConfigurationClassPostProcessor.enhancedConfigurationProcessor&apos; to allow for resolving potential circular references
2015-10-12 20:10:49 DEBUG o.s.b.f.s.DefaultListableBeanFactory - Finished creating instance of bean &apos;org.springframework.context.annotation.ConfigurationClassPostProcessor.enhancedConfigurationProcessor&apos;
2015-10-12 20:10:49 DEBUG o.s.b.f.s.DefaultListableBeanFactory - Creating shared instance of singleton bean &apos;org.springframework.aop.config.internalAutoProxyCreator&apos;
2015-10-12 20:10:49 DEBUG o.s.b.f.s.DefaultListableBeanFactory - Creating instance of bean &apos;org.springframework.aop.config.internalAutoProxyCreator&apos;
2015-10-12 20:10:49 DEBUG o.s.b.f.s.DefaultListableBeanFactory - Eagerly caching bean &apos;org.springframework.aop.config.internalAutoProxyCreator&apos; to allow for resolving potential circular references
2015-10-12 20:10:49 DEBUG o.s.b.f.s.DefaultListableBeanFactory - Finished creating instance of bean &apos;org.springframework.aop.config.internalAutoProxyCreator&apos;
2015-10-12 20:10:49 DEBUG o.s.b.f.s.DefaultListableBeanFactory - Creating shared instance of singleton bean &apos;org.apache.cxf.bus.spring.Jsr250BeanPostProcessor&apos;
2015-10-12 20:10:49 DEBUG o.s.b.f.s.DefaultListableBeanFactory - Creating instance of bean &apos;org.apache.cxf.bus.spring.Jsr250BeanPostProcessor&apos;
2015-10-12 20:10:49 DEBUG o.s.b.f.s.DefaultListableBeanFactory - Eagerly caching bean &apos;org.apache.cxf.bus.spring.Jsr250BeanPostProcessor&apos; to allow for resolving potential circular references
2015-10-12 20:10:49 DEBUG o.s.b.f.s.DefaultListableBeanFactory - Finished creating instance of bean &apos;org.apache.cxf.bus.spring.Jsr250BeanPostProcessor&apos;
2015-10-12 20:10:49 DEBUG o.s.b.f.s.DefaultListableBeanFactory - Creating shared instance of singleton bean &apos;org.apache.cxf.bus.spring.BusExtensionPostProcessor&apos;
2015-10-12 20:10:49 DEBUG o.s.b.f.s.DefaultListableBeanFactory - Creating instance of bean &apos;org.apache.cxf.bus.spring.BusExtensionPostProcessor&apos;
2015-10-12 20:10:49 DEBUG o.s.b.f.s.DefaultListableBeanFactory - Eagerly caching bean &apos;org.apache.cxf.bus.spring.BusExtensionPostProcessor&apos; to allow for resolving potential circular references
2015-10-12 20:10:49 DEBUG o.s.b.f.s.DefaultListableBeanFactory - Finished creating instance of bean &apos;org.apache.cxf.bus.spring.BusExtensionPostProcessor&apos;
2015-10-12 20:10:49 DEBUG o.s.c.s.GenericApplicationContext - Unable to locate MessageSource with name &apos;messageSource&apos;: using default [org.springframework.context.support.DelegatingMessageSource@5922556f]
2015-10-12 20:10:49 DEBUG o.s.c.s.GenericApplicationContext - Unable to locate ApplicationEventMulticaster with name &apos;applicationEventMulticaster&apos;: using default [org.springframework.context.event.SimpleApplicationEventMulticaster@59eb5159]
2015-10-12 20:10:49 DEBUG o.s.b.f.s.DefaultListableBeanFactory - Creating shared instance of singleton bean &apos;entityManagerFactory&apos;
2015-10-12 20:10:49 DEBUG o.s.b.f.s.DefaultListableBeanFactory - Creating instance of bean &apos;entityManagerFactory&apos;
2015-10-12 20:10:49 DEBUG o.s.b.f.s.DefaultListableBeanFactory - Eagerly caching bean &apos;entityManagerFactory&apos; to allow for resolving potential circular references
2015-10-12 20:10:50 DEBUG o.s.b.f.s.DefaultListableBeanFactory - Creating shared instance of singleton bean &apos;myDataSource&apos;
2015-10-12 20:10:50 DEBUG o.s.b.f.s.DefaultListableBeanFactory - Creating instance of bean &apos;myDataSource&apos;
2015-10-12 20:10:50 DEBUG o.s.b.f.s.DefaultListableBeanFactory - Eagerly caching bean &apos;myDataSource&apos; to allow for resolving potential circular references
2015-10-12 20:10:50 DEBUG o.s.b.f.s.DefaultListableBeanFactory - Finished creating instance of bean &apos;myDataSource&apos;
2015-10-12 20:10:50 DEBUG o.s.b.f.s.DefaultListableBeanFactory - Invoking afterPropertiesSet() on bean with name &apos;entityManagerFactory&apos;
2015-10-12 20:10:50 DEBUG o.s.b.f.s.DefaultListableBeanFactory - Destroying singletons in org.springframework.beans.factory.support.DefaultListableBeanFactory@75536174: defining beans [org.springframework.aop.config.internalAutoProxyCreator,org.springframework.context.annotation.internalConfigurationAnnotationProcessor,org.springframework.context.annotation.internalAutowiredAnnotationProcessor,org.springframework.context.annotation.internalRequiredAnnotationProcessor,org.springframework.context.annotation.internalCommonAnnotationProcessor,org.springframework.context.annotation.internalPersistenceAnnotationProcessor,messageListener1,messageProducer,playerHomeStatsResource,RestAuthenticationSuccessHandler,HomeStatsAllYears,homeStatsAllYearsMapperImpl,cxf,org.apache.cxf.bus.spring.BusWiringBeanFactoryPostProcessor,org.apache.cxf.bus.spring.Jsr250BeanPostProcessor,org.apache.cxf.bus.spring.BusExtensionPostProcessor,myDataSource,entityManagerFactory,transactionManager,daoProxyFactory,homeStatsAllYearsDAO,PlayerHomeStatsResource,exampleCxfServer,org.springframework.context.annotation.ConfigurationClassPostProcessor.importAwareProcessor,org.springframework.context.annotation.ConfigurationClassPostProcessor.enhancedConfigurationProcessor]; root of factory hierarchy
2015-10-12 20:10:50 DEBUG o.s.b.f.s.DisposableBeanAdapter - Invoking destroy method &apos;close&apos; on bean with name &apos;myDataSource&apos;
2015-10-12 20:10:50 ERROR o.s.test.context.TestContextManager - Caught exception while allowing TestExecutionListener [org.springframework.test.context.support.DependencyInjectionTestExecutionListener@2261adb8] to prepare test instance [com.draftking.domain.HomeStatsAllYearsViewTest@2d1879ea]
java.lang.IllegalStateException: Failed to load ApplicationContext
	at org.springframework.test.context.CacheAwareContextLoaderDelegate.loadContext(CacheAwareContextLoaderDelegate.java:99) ~[spring-test-4.0.0.RELEASE.jar:4.0.0.RELEASE]
	at org.springframework.test.context.DefaultTestContext.getApplicationContext(DefaultTestContext.java:101) ~[spring-test-4.0.0.RELEASE.jar:4.0.0.RELEASE]
	at org.springframework.test.context.support.DependencyInjectionTestExecutionListener.injectDependencies(DependencyInjectionTestExecutionListener.java:109) ~[spring-test-4.0.0.RELEASE.jar:4.0.0.RELEASE]
	at org.springframework.test.context.support.DependencyInjectionTestExecutionListener.prepareTestInstance(DependencyInjectionTestExecutionListener.java:75) ~[spring-test-4.0.0.RELEASE.jar:4.0.0.RELEASE]
	at org.springframework.test.context.TestContextManager.prepareTestInstance(TestContextManager.java:326) ~[spring-test-4.0.0.RELEASE.jar:4.0.0.RELEASE]
	at org.springframework.test.context.junit4.SpringJUnit4ClassRunner.createTest(SpringJUnit4ClassRunner.java:212) [spring-test-4.0.0.RELEASE.jar:4.0.0.RELEASE]
	at org.springframework.test.context.junit4.SpringJUnit4ClassRunner$1.runReflectiveCall(SpringJUnit4ClassRunner.java:289) [spring-test-4.0.0.RELEASE.jar:4.0.0.RELEASE]
	at org.junit.internal.runners.model.ReflectiveCallable.run(ReflectiveCallable.java:15) [junit-4.6.jar:na]
	at org.springframework.test.context.junit4.SpringJUnit4ClassRunner.methodBlock(SpringJUnit4ClassRunner.java:291) [spring-test-4.0.0.RELEASE.jar:4.0.0.RELEASE]
	at org.springframework.test.context.junit4.SpringJUnit4ClassRunner.runChild(SpringJUnit4ClassRunner.java:232) [spring-test-4.0.0.RELEASE.jar:4.0.0.RELEASE]
	at org.springframework.test.context.junit4.SpringJUnit4ClassRunner.runChild(SpringJUnit4ClassRunner.java:89) [spring-test-4.0.0.RELEASE.jar:4.0.0.RELEASE]
	at org.junit.runners.ParentRunner.runChildren(ParentRunner.java:180) [junit-4.6.jar:na]
	at org.junit.runners.ParentRunner.access$000(ParentRunner.java:41) [junit-4.6.jar:na]
	at org.junit.runners.ParentRunner$1.evaluate(ParentRunner.java:173) [junit-4.6.jar:na]
	at org.junit.internal.runners.statements.RunBefores.evaluate(RunBefores.java:28) [junit-4.6.jar:na]
	at org.springframework.test.context.junit4.statements.RunBeforeTestClassCallbacks.evaluate(RunBeforeTestClassCallbacks.java:61) [spring-test-4.0.0.RELEASE.jar:4.0.0.RELEASE]
	at org.junit.internal.runners.statements.RunAfters.evaluate(RunAfters.java:31) [junit-4.6.jar:na]
	at org.springframework.test.context.junit4.statements.RunAfterTestClassCallbacks.evaluate(RunAfterTestClassCallbacks.java:71) [spring-test-4.0.0.RELEASE.jar:4.0.0.RELEASE]
	at org.junit.runners.ParentRunner.run(ParentRunner.java:220) [junit-4.6.jar:na]
	at org.springframework.test.context.junit4.SpringJUnit4ClassRunner.run(SpringJUnit4ClassRunner.java:175) [spring-test-4.0.0.RELEASE.jar:4.0.0.RELEASE]
	at org.apache.maven.surefire.junit4.JUnit4Provider.execute(JUnit4Provider.java:252) [surefire-junit4-2.12.4.jar:2.12.4]
	at org.apache.maven.surefire.junit4.JUnit4Provider.executeTestSet(JUnit4Provider.java:141) [surefire-junit4-2.12.4.jar:2.12.4]
	at org.apache.maven.surefire.junit4.JUnit4Provider.invoke(JUnit4Provider.java:112) [surefire-junit4-2.12.4.jar:2.12.4]
	at sun.reflect.NativeMethodAccessorImpl.invoke0(Native Method) ~[na:1.7.0_45]
	at sun.reflect.NativeMethodAccessorImpl.invoke(NativeMethodAccessorImpl.java:57) ~[na:1.7.0_45]
	at sun.reflect.DelegatingMethodAccessorImpl.invoke(DelegatingMethodAccessorImpl.java:43) ~[na:1.7.0_45]
	at java.lang.reflect.Method.invoke(Method.java:606) ~[na:1.7.0_45]
	at org.apache.maven.surefire.util.ReflectionUtils.invokeMethodWithArray(ReflectionUtils.java:189) [surefire-api-2.12.4.jar:2.12.4]
	at org.apache.maven.surefire.booter.ProviderFactory$ProviderProxy.invoke(ProviderFactory.java:165) [surefire-booter-2.12.4.jar:2.12.4]
	at org.apache.maven.surefire.booter.ProviderFactory.invokeProvider(ProviderFactory.java:85) [surefire-booter-2.12.4.jar:2.12.4]
	at org.apache.maven.surefire.booter.ForkedBooter.runSuitesInProcess(ForkedBooter.java:115) [surefire-booter-2.12.4.jar:2.12.4]
	at org.apache.maven.surefire.booter.ForkedBooter.main(ForkedBooter.java:75) [surefire-booter-2.12.4.jar:2.12.4]
Caused by: org.springframework.beans.factory.BeanCreationException: Error creating bean with name &apos;entityManagerFactory&apos; defined in class path resource [META-INF/applicationContext.xml]: Invocation of init method failed; nested exception is java.lang.IllegalArgumentException: No PersistenceProvider specified in EntityManagerFactory configuration, and chosen PersistenceUnitInfo does not specify a provider class name either
	at org.springframework.beans.factory.support.AbstractAutowireCapableBeanFactory.initializeBean(AbstractAutowireCapableBeanFactory.java:1553) ~[spring-beans-4.0.0.RELEASE.jar:4.0.0.RELEASE]
	at org.springframework.beans.factory.support.AbstractAutowireCapableBeanFactory.doCreateBean(AbstractAutowireCapableBeanFactory.java:539) ~[spring-beans-4.0.0.RELEASE.jar:4.0.0.RELEASE]
	at org.springframework.beans.factory.support.AbstractAutowireCapableBeanFactory.createBean(AbstractAutowireCapableBeanFactory.java:475) ~[spring-beans-4.0.0.RELEASE.jar:4.0.0.RELEASE]
	at org.springframework.beans.factory.support.AbstractBeanFactory$1.getObject(AbstractBeanFactory.java:304) ~[spring-beans-4.0.0.RELEASE.jar:4.0.0.RELEASE]
	at org.springframework.beans.factory.support.DefaultSingletonBeanRegistry.getSingleton(DefaultSingletonBeanRegistry.java:228) ~[spring-beans-4.0.0.RELEASE.jar:4.0.0.RELEASE]
	at org.springframework.beans.factory.support.AbstractBeanFactory.doGetBean(AbstractBeanFactory.java:300) ~[spring-beans-4.0.0.RELEASE.jar:4.0.0.RELEASE]
	at org.springframework.beans.factory.support.AbstractBeanFactory.getBean(AbstractBeanFactory.java:195) ~[spring-beans-4.0.0.RELEASE.jar:4.0.0.RELEASE]
	at org.springframework.context.support.AbstractApplicationContext.getBean(AbstractApplicationContext.java:973) ~[spring-context-4.0.0.RELEASE.jar:4.0.0.RELEASE]
	at org.springframework.context.support.AbstractApplicationContext.finishBeanFactoryInitialization(AbstractApplicationContext.java:750) ~[spring-context-4.0.0.RELEASE.jar:4.0.0.RELEASE]
	at org.springframework.context.support.AbstractApplicationContext.refresh(AbstractApplicationContext.java:482) ~[spring-context-4.0.0.RELEASE.jar:4.0.0.RELEASE]
	at org.springframework.test.context.support.AbstractGenericContextLoader.loadContext(AbstractGenericContextLoader.java:121) ~[spring-test-4.0.0.RELEASE.jar:4.0.0.RELEASE]
	at org.springframework.test.context.support.AbstractGenericContextLoader.loadContext(AbstractGenericContextLoader.java:60) ~[spring-test-4.0.0.RELEASE.jar:4.0.0.RELEASE]
	at org.springframework.test.context.support.AbstractDelegatingSmartContextLoader.delegateLoading(AbstractDelegatingSmartContextLoader.java:100) ~[spring-test-4.0.0.RELEASE.jar:4.0.0.RELEASE]
	at org.springframework.test.context.support.AbstractDelegatingSmartContextLoader.loadContext(AbstractDelegatingSmartContextLoader.java:250) ~[spring-test-4.0.0.RELEASE.jar:4.0.0.RELEASE]
	at org.springframework.test.context.CacheAwareContextLoaderDelegate.loadContextInternal(CacheAwareContextLoaderDelegate.java:64) ~[spring-test-4.0.0.RELEASE.jar:4.0.0.RELEASE]
	at org.springframework.test.context.CacheAwareContextLoaderDelegate.loadContext(CacheAwareContextLoaderDelegate.java:91) ~[spring-test-4.0.0.RELEASE.jar:4.0.0.RELEASE]
	... 31 common frames omitted
Caused by: java.lang.IllegalArgumentException: No PersistenceProvider specified in EntityManagerFactory configuration, and chosen PersistenceUnitInfo does not specify a provider class name either
	at org.springframework.orm.jpa.LocalContainerEntityManagerFactoryBean.createNativeEntityManagerFactory(LocalContainerEntityManagerFactoryBean.java:207) ~[spring-orm-3.0.5.RELEASE.jar:3.0.5.RELEASE]
	at org.springframework.orm.jpa.AbstractEntityManagerFactoryBean.afterPropertiesSet(AbstractEntityManagerFactoryBean.java:308) ~[spring-orm-3.0.5.RELEASE.jar:3.0.5.RELEASE]
	at org.springframework.beans.factory.support.AbstractAutowireCapableBeanFactory.invokeInitMethods(AbstractAutowireCapableBeanFactory.java:1612) ~[spring-beans-4.0.0.RELEASE.jar:4.0.0.RELEASE]
	at org.springframework.beans.factory.support.AbstractAutowireCapableBeanFactory.initializeBean(AbstractAutowireCapableBeanFactory.java:1549) ~[spring-beans-4.0.0.RELEASE.jar:4.0.0.RELEASE]
	... 46 common frames omitted
</system-out>
    <system-err>SLF4J: Class path contains multiple SLF4J bindings.
SLF4J: Found binding in [jar:file:/C:/Users/BenPoon/.m2/repository/ch/qos/logback/logback-classic/1.1.3/logback-classic-1.1.3.jar!/org/slf4j/impl/StaticLoggerBinder.class]
SLF4J: Found binding in [jar:file:/C:/Users/BenPoon/.m2/repository/org/slf4j/slf4j-log4j12/1.7.5/slf4j-log4j12-1.7.5.jar!/org/slf4j/impl/StaticLoggerBinder.class]
SLF4J: See http://www.slf4j.org/codes.html#multiple_bindings for an explanation.
</system-err>
  </testcase>
</testsuite>