<?xml version="1.0" encoding="UTF-8" ?>
<testsuite failures="0" time="0.482" errors="1" skipped="0" tests="1" name="com.restproject.domain.OwnerAddressTest">
  <properties>
[...]
</properties>
  <testcase time="0.482" classname="com.restproject.domain.OwnerAddressTest" name="test">
    <error message="Failed to load ApplicationContext" type="java.lang.IllegalStateException">java.lang.IllegalStateException: Failed to load ApplicationContext
	at org.springframework.test.context.CacheAwareContextLoaderDelegate.loadContext(CacheAwareContextLoaderDelegate.java:99)
	at org.springframework.test.context.DefaultTestContext.getApplicationContext(DefaultTestContext.java:101)
	at org.springframework.test.context.support.DependencyInjectionTestExecutionListener.injectDependencies(DependencyInjectionTestExecutionListener.java:109)
	at org.springframework.test.context.support.DependencyInjectionTestExecutionListener.prepareTestInstance(DependencyInjectionTestExecutionListener.java:75)
	at org.springframework.test.context.TestContextManager.prepareTestInstance(TestContextManager.java:326)
	at org.springframework.test.context.junit4.SpringJUnit4ClassRunner.createTest(SpringJUnit4ClassRunner.java:212)
	at org.springframework.test.context.junit4.SpringJUnit4ClassRunner$1.runReflectiveCall(SpringJUnit4ClassRunner.java:289)
	at org.junit.internal.runners.model.ReflectiveCallable.run(ReflectiveCallable.java:15)
	at org.springframework.test.context.junit4.SpringJUnit4ClassRunner.methodBlock(SpringJUnit4ClassRunner.java:291)
	at org.springframework.test.context.junit4.SpringJUnit4ClassRunner.runChild(SpringJUnit4ClassRunner.java:232)
	at org.springframework.test.context.junit4.SpringJUnit4ClassRunner.runChild(SpringJUnit4ClassRunner.java:89)
	at org.junit.runners.ParentRunner.runChildren(ParentRunner.java:180)
	at org.junit.runners.ParentRunner.access$000(ParentRunner.java:41)
	at org.junit.runners.ParentRunner$1.evaluate(ParentRunner.java:173)
	at org.junit.internal.runners.statements.RunBefores.evaluate(RunBefores.java:28)
	at org.springframework.test.context.junit4.statements.RunBeforeTestClassCallbacks.evaluate(RunBeforeTestClassCallbacks.java:61)
	at org.junit.internal.runners.statements.RunAfters.evaluate(RunAfters.java:31)
	at org.springframework.test.context.junit4.statements.RunAfterTestClassCallbacks.evaluate(RunAfterTestClassCallbacks.java:71)
	at org.junit.runners.ParentRunner.run(ParentRunner.java:220)
	at org.springframework.test.context.junit4.SpringJUnit4ClassRunner.run(SpringJUnit4ClassRunner.java:175)
	at org.apache.maven.surefire.junit4.JUnit4Provider.execute(JUnit4Provider.java:252)
	at org.apache.maven.surefire.junit4.JUnit4Provider.executeTestSet(JUnit4Provider.java:141)
	at org.apache.maven.surefire.junit4.JUnit4Provider.invoke(JUnit4Provider.java:112)
	at sun.reflect.NativeMethodAccessorImpl.invoke0(Native Method)
	at sun.reflect.NativeMethodAccessorImpl.invoke(NativeMethodAccessorImpl.java:57)
	at sun.reflect.DelegatingMethodAccessorImpl.invoke(DelegatingMethodAccessorImpl.java:43)
	at java.lang.reflect.Method.invoke(Method.java:606)
	at org.apache.maven.surefire.util.ReflectionUtils.invokeMethodWithArray(ReflectionUtils.java:189)
	at org.apache.maven.surefire.booter.ProviderFactory$ProviderProxy.invoke(ProviderFactory.java:165)
	at org.apache.maven.surefire.booter.ProviderFactory.invokeProvider(ProviderFactory.java:85)
	at org.apache.maven.surefire.booter.ForkedBooter.runSuitesInProcess(ForkedBooter.java:115)
	at org.apache.maven.surefire.booter.ForkedBooter.main(ForkedBooter.java:75)
Caused by: org.springframework.beans.factory.BeanCreationException: Error creating bean with name &apos;entityManagerFactory&apos; defined in class path resource [META-INF/applicationContext.xml]: Invocation of init method failed; nested exception is javax.persistence.PersistenceException: [PersistenceUnit: restProjectPU] class or package not found
	at org.springframework.beans.factory.support.AbstractAutowireCapableBeanFactory.initializeBean(AbstractAutowireCapableBeanFactory.java:1553)
	at org.springframework.beans.factory.support.AbstractAutowireCapableBeanFactory.doCreateBean(AbstractAutowireCapableBeanFactory.java:539)
	at org.springframework.beans.factory.support.AbstractAutowireCapableBeanFactory.createBean(AbstractAutowireCapableBeanFactory.java:475)
	at org.springframework.beans.factory.support.AbstractBeanFactory$1.getObject(AbstractBeanFactory.java:304)
	at org.springframework.beans.factory.support.DefaultSingletonBeanRegistry.getSingleton(DefaultSingletonBeanRegistry.java:228)
	at org.springframework.beans.factory.support.AbstractBeanFactory.doGetBean(AbstractBeanFactory.java:300)
	at org.springframework.beans.factory.support.AbstractBeanFactory.getBean(AbstractBeanFactory.java:195)
	at org.springframework.context.support.AbstractApplicationContext.getBean(AbstractApplicationContext.java:973)
	at org.springframework.context.support.AbstractApplicationContext.finishBeanFactoryInitialization(AbstractApplicationContext.java:750)
	at org.springframework.context.support.AbstractApplicationContext.refresh(AbstractApplicationContext.java:482)
	at org.springframework.test.context.support.AbstractGenericContextLoader.loadContext(AbstractGenericContextLoader.java:121)
	at org.springframework.test.context.support.AbstractGenericContextLoader.loadContext(AbstractGenericContextLoader.java:60)
	at org.springframework.test.context.support.AbstractDelegatingSmartContextLoader.delegateLoading(AbstractDelegatingSmartContextLoader.java:100)
	at org.springframework.test.context.support.AbstractDelegatingSmartContextLoader.loadContext(AbstractDelegatingSmartContextLoader.java:250)
	at org.springframework.test.context.CacheAwareContextLoaderDelegate.loadContextInternal(CacheAwareContextLoaderDelegate.java:64)
	at org.springframework.test.context.CacheAwareContextLoaderDelegate.loadContext(CacheAwareContextLoaderDelegate.java:91)
	... 31 more
Caused by: javax.persistence.PersistenceException: [PersistenceUnit: restProjectPU] class or package not found
	at org.hibernate.ejb.Ejb3Configuration.addNamedAnnotatedClasses(Ejb3Configuration.java:1386)
	at org.hibernate.ejb.Ejb3Configuration.addClassesToSessionFactory(Ejb3Configuration.java:1159)
	at org.hibernate.ejb.Ejb3Configuration.configure(Ejb3Configuration.java:1004)
	at org.hibernate.ejb.Ejb3Configuration.configure(Ejb3Configuration.java:689)
	at org.hibernate.ejb.HibernatePersistence.createContainerEntityManagerFactory(HibernatePersistence.java:73)
	at org.springframework.orm.jpa.LocalContainerEntityManagerFactoryBean.createNativeEntityManagerFactory(LocalContainerEntityManagerFactoryBean.java:225)
	at org.springframework.orm.jpa.AbstractEntityManagerFactoryBean.afterPropertiesSet(AbstractEntityManagerFactoryBean.java:308)
	at org.springframework.beans.factory.support.AbstractAutowireCapableBeanFactory.invokeInitMethods(AbstractAutowireCapableBeanFactory.java:1612)
	at org.springframework.beans.factory.support.AbstractAutowireCapableBeanFactory.initializeBean(AbstractAutowireCapableBeanFactory.java:1549)
	... 46 more
Caused by: java.lang.ClassNotFoundException: com.restproject.domain.HomeStatsAllYears
	at java.net.URLClassLoader$1.run(URLClassLoader.java:366)
	at java.net.URLClassLoader$1.run(URLClassLoader.java:355)
	at java.security.AccessController.doPrivileged(Native Method)
	at java.net.URLClassLoader.findClass(URLClassLoader.java:354)
	at java.lang.ClassLoader.loadClass(ClassLoader.java:425)
	at sun.misc.Launcher$AppClassLoader.loadClass(Launcher.java:308)
	at java.lang.ClassLoader.loadClass(ClassLoader.java:358)
	at java.lang.Class.forName0(Native Method)
	at java.lang.Class.forName(Class.java:270)
	at org.hibernate.util.ReflectHelper.classForName(ReflectHelper.java:170)
	at org.hibernate.ejb.Ejb3Configuration.classForName(Ejb3Configuration.java:1302)
	at org.hibernate.ejb.Ejb3Configuration.addNamedAnnotatedClasses(Ejb3Configuration.java:1374)
	... 54 more
</error>
    <system-out>2015-10-04 01:59:11 INFO  XmlBeanDefinitionReader:316 - Loading XML bean definitions from class path resource [META-INF/applicationContext.xml]
2015-10-04 01:59:11 INFO  XmlBeanDefinitionReader:316 - Loading XML bean definitions from class path resource [META-INF/applicationContext.xml]
2015-10-04 01:59:11 INFO  XmlBeanDefinitionReader:316 - Loading XML bean definitions from class path resource [META-INF/cxf/cxf.xml]
2015-10-04 01:59:11 INFO  XmlBeanDefinitionReader:316 - Loading XML bean definitions from class path resource [META-INF/cxf/cxf.xml]
2015-10-04 01:59:12 INFO  GenericApplicationContext:513 - Refreshing org.springframework.context.support.GenericApplicationContext@10086e1f: startup date [Sun Oct 04 01:59:12 EDT 2015]; root of context hierarchy
2015-10-04 01:59:12 INFO  GenericApplicationContext:513 - Refreshing org.springframework.context.support.GenericApplicationContext@10086e1f: startup date [Sun Oct 04 01:59:12 EDT 2015]; root of context hierarchy
2015-10-04 01:59:12 INFO  LocalContainerEntityManagerFactoryBean:221 - Building JPA container EntityManagerFactory for persistence unit &apos;restProjectPU&apos;
2015-10-04 01:59:12 INFO  LocalContainerEntityManagerFactoryBean:221 - Building JPA container EntityManagerFactory for persistence unit &apos;restProjectPU&apos;
2015-10-04 01:59:12 DEBUG BasicTypeRegistry:147 - Adding type registration boolean -&gt; org.hibernate.type.BooleanType@2fc923f2
2015-10-04 01:59:12 DEBUG BasicTypeRegistry:147 - Adding type registration boolean -&gt; org.hibernate.type.BooleanType@2fc923f2
2015-10-04 01:59:12 DEBUG BasicTypeRegistry:147 - Adding type registration java.lang.Boolean -&gt; org.hibernate.type.BooleanType@2fc923f2
2015-10-04 01:59:12 DEBUG BasicTypeRegistry:147 - Adding type registration numeric_boolean -&gt; org.hibernate.type.NumericBooleanType@cad7e2b
2015-10-04 01:59:12 DEBUG BasicTypeRegistry:147 - Adding type registration true_false -&gt; org.hibernate.type.TrueFalseType@16fb47dd
2015-10-04 01:59:12 DEBUG BasicTypeRegistry:147 - Adding type registration yes_no -&gt; org.hibernate.type.YesNoType@4fb8896f
2015-10-04 01:59:12 DEBUG BasicTypeRegistry:147 - Adding type registration byte -&gt; org.hibernate.type.ByteType@10668c26
2015-10-04 01:59:12 DEBUG BasicTypeRegistry:147 - Adding type registration byte -&gt; org.hibernate.type.ByteType@10668c26
2015-10-04 01:59:12 DEBUG BasicTypeRegistry:147 - Adding type registration java.lang.Byte -&gt; org.hibernate.type.ByteType@10668c26
2015-10-04 01:59:12 DEBUG BasicTypeRegistry:147 - Adding type registration character -&gt; org.hibernate.type.CharacterType@257b64a7
2015-10-04 01:59:12 DEBUG BasicTypeRegistry:147 - Adding type registration char -&gt; org.hibernate.type.CharacterType@257b64a7
2015-10-04 01:59:12 DEBUG BasicTypeRegistry:147 - Adding type registration java.lang.Character -&gt; org.hibernate.type.CharacterType@257b64a7
2015-10-04 01:59:12 DEBUG BasicTypeRegistry:147 - Adding type registration short -&gt; org.hibernate.type.ShortType@48ce88f6
2015-10-04 01:59:12 DEBUG BasicTypeRegistry:147 - Adding type registration short -&gt; org.hibernate.type.ShortType@48ce88f6
2015-10-04 01:59:12 DEBUG BasicTypeRegistry:147 - Adding type registration java.lang.Short -&gt; org.hibernate.type.ShortType@48ce88f6
2015-10-04 01:59:12 DEBUG BasicTypeRegistry:147 - Adding type registration integer -&gt; org.hibernate.type.IntegerType@69210267
2015-10-04 01:59:12 DEBUG BasicTypeRegistry:147 - Adding type registration int -&gt; org.hibernate.type.IntegerType@69210267
2015-10-04 01:59:12 DEBUG BasicTypeRegistry:147 - Adding type registration java.lang.Integer -&gt; org.hibernate.type.IntegerType@69210267
2015-10-04 01:59:12 DEBUG BasicTypeRegistry:147 - Adding type registration long -&gt; org.hibernate.type.LongType@77d51a74
2015-10-04 01:59:12 DEBUG BasicTypeRegistry:147 - Adding type registration long -&gt; org.hibernate.type.LongType@77d51a74
2015-10-04 01:59:12 DEBUG BasicTypeRegistry:147 - Adding type registration java.lang.Long -&gt; org.hibernate.type.LongType@77d51a74
2015-10-04 01:59:12 DEBUG BasicTypeRegistry:147 - Adding type registration float -&gt; org.hibernate.type.FloatType@77135c3a
2015-10-04 01:59:12 DEBUG BasicTypeRegistry:147 - Adding type registration float -&gt; org.hibernate.type.FloatType@77135c3a
2015-10-04 01:59:12 DEBUG BasicTypeRegistry:147 - Adding type registration java.lang.Float -&gt; org.hibernate.type.FloatType@77135c3a
2015-10-04 01:59:12 DEBUG BasicTypeRegistry:147 - Adding type registration double -&gt; org.hibernate.type.DoubleType@9530a8a
2015-10-04 01:59:12 DEBUG BasicTypeRegistry:147 - Adding type registration double -&gt; org.hibernate.type.DoubleType@9530a8a
2015-10-04 01:59:12 DEBUG BasicTypeRegistry:147 - Adding type registration java.lang.Double -&gt; org.hibernate.type.DoubleType@9530a8a
2015-10-04 01:59:12 DEBUG BasicTypeRegistry:147 - Adding type registration big_decimal -&gt; org.hibernate.type.BigDecimalType@68f6709d
2015-10-04 01:59:12 DEBUG BasicTypeRegistry:147 - Adding type registration java.math.BigDecimal -&gt; org.hibernate.type.BigDecimalType@68f6709d
2015-10-04 01:59:12 DEBUG BasicTypeRegistry:147 - Adding type registration big_integer -&gt; org.hibernate.type.BigIntegerType@665031f5
2015-10-04 01:59:12 DEBUG BasicTypeRegistry:147 - Adding type registration java.math.BigInteger -&gt; org.hibernate.type.BigIntegerType@665031f5
2015-10-04 01:59:12 DEBUG BasicTypeRegistry:147 - Adding type registration string -&gt; org.hibernate.type.StringType@4e5fed67
2015-10-04 01:59:12 DEBUG BasicTypeRegistry:147 - Adding type registration java.lang.String -&gt; org.hibernate.type.StringType@4e5fed67
2015-10-04 01:59:12 DEBUG BasicTypeRegistry:147 - Adding type registration url -&gt; org.hibernate.type.UrlType@41a45f89
2015-10-04 01:59:12 DEBUG BasicTypeRegistry:147 - Adding type registration java.net.URL -&gt; org.hibernate.type.UrlType@41a45f89
2015-10-04 01:59:12 DEBUG BasicTypeRegistry:147 - Adding type registration date -&gt; org.hibernate.type.DateType@60b47341
2015-10-04 01:59:12 DEBUG BasicTypeRegistry:147 - Adding type registration java.sql.Date -&gt; org.hibernate.type.DateType@60b47341
2015-10-04 01:59:12 DEBUG BasicTypeRegistry:147 - Adding type registration time -&gt; org.hibernate.type.TimeType@2c98211e
2015-10-04 01:59:12 DEBUG BasicTypeRegistry:147 - Adding type registration java.sql.Time -&gt; org.hibernate.type.TimeType@2c98211e
2015-10-04 01:59:12 DEBUG BasicTypeRegistry:147 - Adding type registration timestamp -&gt; org.hibernate.type.TimestampType@2d033ba9
2015-10-04 01:59:12 DEBUG BasicTypeRegistry:147 - Adding type registration java.sql.Timestamp -&gt; org.hibernate.type.TimestampType@2d033ba9
2015-10-04 01:59:12 DEBUG BasicTypeRegistry:147 - Adding type registration java.util.Date -&gt; org.hibernate.type.TimestampType@2d033ba9
2015-10-04 01:59:12 DEBUG BasicTypeRegistry:147 - Adding type registration dbtimestamp -&gt; org.hibernate.type.DbTimestampType@1d32c800
2015-10-04 01:59:12 DEBUG BasicTypeRegistry:147 - Adding type registration calendar -&gt; org.hibernate.type.CalendarType@7fc0b72b
2015-10-04 01:59:12 DEBUG BasicTypeRegistry:147 - Adding type registration java.util.Calendar -&gt; org.hibernate.type.CalendarType@7fc0b72b
2015-10-04 01:59:12 DEBUG BasicTypeRegistry:147 - Adding type registration java.util.GregorianCalendar -&gt; org.hibernate.type.CalendarType@7fc0b72b
2015-10-04 01:59:12 DEBUG BasicTypeRegistry:147 - Adding type registration calendar_date -&gt; org.hibernate.type.CalendarDateType@783316b4
2015-10-04 01:59:12 DEBUG BasicTypeRegistry:147 - Adding type registration locale -&gt; org.hibernate.type.LocaleType@421d9604
2015-10-04 01:59:12 DEBUG BasicTypeRegistry:147 - Adding type registration java.util.Locale -&gt; org.hibernate.type.LocaleType@421d9604
2015-10-04 01:59:12 DEBUG BasicTypeRegistry:147 - Adding type registration currency -&gt; org.hibernate.type.CurrencyType@7b0ef717
2015-10-04 01:59:12 DEBUG BasicTypeRegistry:147 - Adding type registration java.util.Currency -&gt; org.hibernate.type.CurrencyType@7b0ef717
2015-10-04 01:59:12 DEBUG BasicTypeRegistry:147 - Adding type registration timezone -&gt; org.hibernate.type.TimeZoneType@58958b07
2015-10-04 01:59:12 DEBUG BasicTypeRegistry:147 - Adding type registration java.util.TimeZone -&gt; org.hibernate.type.TimeZoneType@58958b07
2015-10-04 01:59:12 DEBUG BasicTypeRegistry:147 - Adding type registration class -&gt; org.hibernate.type.ClassType@adf5c79
2015-10-04 01:59:12 DEBUG BasicTypeRegistry:147 - Adding type registration java.lang.Class -&gt; org.hibernate.type.ClassType@adf5c79
2015-10-04 01:59:12 DEBUG BasicTypeRegistry:147 - Adding type registration uuid-binary -&gt; org.hibernate.type.UUIDBinaryType@34592e88
2015-10-04 01:59:12 DEBUG BasicTypeRegistry:147 - Adding type registration java.util.UUID -&gt; org.hibernate.type.UUIDBinaryType@34592e88
2015-10-04 01:59:12 DEBUG BasicTypeRegistry:147 - Adding type registration uuid-char -&gt; org.hibernate.type.UUIDCharType@3e2d26d5
2015-10-04 01:59:12 DEBUG BasicTypeRegistry:147 - Adding type registration pg-uuid -&gt; org.hibernate.type.PostgresUUIDType@2e77d075
2015-10-04 01:59:12 DEBUG BasicTypeRegistry:147 - Adding type registration binary -&gt; org.hibernate.type.BinaryType@37535a54
2015-10-04 01:59:12 DEBUG BasicTypeRegistry:147 - Adding type registration byte[] -&gt; org.hibernate.type.BinaryType@37535a54
2015-10-04 01:59:12 DEBUG BasicTypeRegistry:147 - Adding type registration [B -&gt; org.hibernate.type.BinaryType@37535a54
2015-10-04 01:59:12 DEBUG BasicTypeRegistry:147 - Adding type registration wrapper-binary -&gt; org.hibernate.type.WrapperBinaryType@3ba5fb12
2015-10-04 01:59:12 DEBUG BasicTypeRegistry:147 - Adding type registration Byte[] -&gt; org.hibernate.type.WrapperBinaryType@3ba5fb12
2015-10-04 01:59:12 DEBUG BasicTypeRegistry:147 - Adding type registration [Ljava.lang.Byte; -&gt; org.hibernate.type.WrapperBinaryType@3ba5fb12
2015-10-04 01:59:12 DEBUG BasicTypeRegistry:147 - Adding type registration image -&gt; org.hibernate.type.ImageType@4008896
2015-10-04 01:59:12 DEBUG BasicTypeRegistry:147 - Adding type registration characters -&gt; org.hibernate.type.CharArrayType@131548ee
2015-10-04 01:59:12 DEBUG BasicTypeRegistry:147 - Adding type registration char[] -&gt; org.hibernate.type.CharArrayType@131548ee
2015-10-04 01:59:12 DEBUG BasicTypeRegistry:147 - Adding type registration [C -&gt; org.hibernate.type.CharArrayType@131548ee
2015-10-04 01:59:12 DEBUG BasicTypeRegistry:147 - Adding type registration wrapper-characters -&gt; org.hibernate.type.CharacterArrayType@6883b234
2015-10-04 01:59:12 DEBUG BasicTypeRegistry:147 - Adding type registration [Ljava.lang.Character; -&gt; org.hibernate.type.CharacterArrayType@6883b234
2015-10-04 01:59:12 DEBUG BasicTypeRegistry:147 - Adding type registration Character[] -&gt; org.hibernate.type.CharacterArrayType@6883b234
2015-10-04 01:59:12 DEBUG BasicTypeRegistry:147 - Adding type registration text -&gt; org.hibernate.type.TextType@3565c590
2015-10-04 01:59:12 DEBUG BasicTypeRegistry:147 - Adding type registration blob -&gt; org.hibernate.type.BlobType@2074ac5f
2015-10-04 01:59:12 DEBUG BasicTypeRegistry:147 - Adding type registration java.sql.Blob -&gt; org.hibernate.type.BlobType@2074ac5f
2015-10-04 01:59:12 DEBUG BasicTypeRegistry:147 - Adding type registration materialized_blob -&gt; org.hibernate.type.MaterializedBlobType@7ed5d456
2015-10-04 01:59:12 DEBUG BasicTypeRegistry:147 - Adding type registration wrapper_materialized_blob -&gt; org.hibernate.type.WrappedMaterializedBlobType@3bbcfff2
2015-10-04 01:59:12 DEBUG BasicTypeRegistry:147 - Adding type registration clob -&gt; org.hibernate.type.ClobType@59df9cf4
2015-10-04 01:59:12 DEBUG BasicTypeRegistry:147 - Adding type registration java.sql.Clob -&gt; org.hibernate.type.ClobType@59df9cf4
2015-10-04 01:59:12 DEBUG BasicTypeRegistry:147 - Adding type registration materialized_clob -&gt; org.hibernate.type.MaterializedClobType@23a95c9f
2015-10-04 01:59:12 DEBUG BasicTypeRegistry:147 - Adding type registration wrapper_characters_clob -&gt; org.hibernate.type.CharacterArrayClobType@32bc16c5
2015-10-04 01:59:12 DEBUG BasicTypeRegistry:147 - Adding type registration characters_clob -&gt; org.hibernate.type.PrimitiveCharacterArrayClobType@2215ac39
2015-10-04 01:59:12 DEBUG BasicTypeRegistry:147 - Adding type registration serializable -&gt; org.hibernate.type.SerializableType@1445fd51
2015-10-04 01:59:12 DEBUG BasicTypeRegistry:147 - Adding type registration object -&gt; org.hibernate.type.ObjectType@7008b996
2015-10-04 01:59:12 DEBUG BasicTypeRegistry:147 - Adding type registration java.lang.Object -&gt; org.hibernate.type.ObjectType@7008b996
2015-10-04 01:59:12 DEBUG BasicTypeRegistry:147 - Adding type registration imm_date -&gt; org.hibernate.type.AdaptedImmutableType@69596c3a
2015-10-04 01:59:12 DEBUG BasicTypeRegistry:147 - Adding type registration imm_time -&gt; org.hibernate.type.AdaptedImmutableType@6dd089de
2015-10-04 01:59:12 DEBUG BasicTypeRegistry:147 - Adding type registration imm_timestamp -&gt; org.hibernate.type.AdaptedImmutableType@160b8625
2015-10-04 01:59:12 DEBUG BasicTypeRegistry:147 - Adding type registration imm_dbtimestamp -&gt; org.hibernate.type.AdaptedImmutableType@4e93f271
2015-10-04 01:59:12 DEBUG BasicTypeRegistry:147 - Adding type registration imm_calendar -&gt; org.hibernate.type.AdaptedImmutableType@53120104
2015-10-04 01:59:12 DEBUG BasicTypeRegistry:147 - Adding type registration imm_calendar_date -&gt; org.hibernate.type.AdaptedImmutableType@4300d837
2015-10-04 01:59:12 DEBUG BasicTypeRegistry:147 - Adding type registration imm_binary -&gt; org.hibernate.type.AdaptedImmutableType@6c73253e
2015-10-04 01:59:12 DEBUG BasicTypeRegistry:147 - Adding type registration imm_serializable -&gt; org.hibernate.type.AdaptedImmutableType@7b924111
2015-10-04 01:59:12 INFO  Ejb3Configuration:523 - Processing PersistenceUnitInfo [
	name: restProjectPU
	...]
2015-10-04 01:59:12 ERROR TestContextManager:329 - Caught exception while allowing TestExecutionListener [org.springframework.test.context.support.DependencyInjectionTestExecutionListener@7d7e88e3] to prepare test instance [com.restproject.domain.OwnerAddressTest@7e4d2f72]
java.lang.IllegalStateException: Failed to load ApplicationContext
	at org.springframework.test.context.CacheAwareContextLoaderDelegate.loadContext(CacheAwareContextLoaderDelegate.java:99)
	at org.springframework.test.context.DefaultTestContext.getApplicationContext(DefaultTestContext.java:101)
	at org.springframework.test.context.support.DependencyInjectionTestExecutionListener.injectDependencies(DependencyInjectionTestExecutionListener.java:109)
	at org.springframework.test.context.support.DependencyInjectionTestExecutionListener.prepareTestInstance(DependencyInjectionTestExecutionListener.java:75)
	at org.springframework.test.context.TestContextManager.prepareTestInstance(TestContextManager.java:326)
	at org.springframework.test.context.junit4.SpringJUnit4ClassRunner.createTest(SpringJUnit4ClassRunner.java:212)
	at org.springframework.test.context.junit4.SpringJUnit4ClassRunner$1.runReflectiveCall(SpringJUnit4ClassRunner.java:289)
	at org.junit.internal.runners.model.ReflectiveCallable.run(ReflectiveCallable.java:15)
	at org.springframework.test.context.junit4.SpringJUnit4ClassRunner.methodBlock(SpringJUnit4ClassRunner.java:291)
	at org.springframework.test.context.junit4.SpringJUnit4ClassRunner.runChild(SpringJUnit4ClassRunner.java:232)
	at org.springframework.test.context.junit4.SpringJUnit4ClassRunner.runChild(SpringJUnit4ClassRunner.java:89)
	at org.junit.runners.ParentRunner.runChildren(ParentRunner.java:180)
	at org.junit.runners.ParentRunner.access$000(ParentRunner.java:41)
	at org.junit.runners.ParentRunner$1.evaluate(ParentRunner.java:173)
	at org.junit.internal.runners.statements.RunBefores.evaluate(RunBefores.java:28)
	at org.springframework.test.context.junit4.statements.RunBeforeTestClassCallbacks.evaluate(RunBeforeTestClassCallbacks.java:61)
	at org.junit.internal.runners.statements.RunAfters.evaluate(RunAfters.java:31)
	at org.springframework.test.context.junit4.statements.RunAfterTestClassCallbacks.evaluate(RunAfterTestClassCallbacks.java:71)
	at org.junit.runners.ParentRunner.run(ParentRunner.java:220)
	at org.springframework.test.context.junit4.SpringJUnit4ClassRunner.run(SpringJUnit4ClassRunner.java:175)
	at org.apache.maven.surefire.junit4.JUnit4Provider.execute(JUnit4Provider.java:252)
	at org.apache.maven.surefire.junit4.JUnit4Provider.executeTestSet(JUnit4Provider.java:141)
	at org.apache.maven.surefire.junit4.JUnit4Provider.invoke(JUnit4Provider.java:112)
	at sun.reflect.NativeMethodAccessorImpl.invoke0(Native Method)
	at sun.reflect.NativeMethodAccessorImpl.invoke(NativeMethodAccessorImpl.java:57)
	at sun.reflect.DelegatingMethodAccessorImpl.invoke(DelegatingMethodAccessorImpl.java:43)
	at java.lang.reflect.Method.invoke(Method.java:606)
	at org.apache.maven.surefire.util.ReflectionUtils.invokeMethodWithArray(ReflectionUtils.java:189)
	at org.apache.maven.surefire.booter.ProviderFactory$ProviderProxy.invoke(ProviderFactory.java:165)
	at org.apache.maven.surefire.booter.ProviderFactory.invokeProvider(ProviderFactory.java:85)
	at org.apache.maven.surefire.booter.ForkedBooter.runSuitesInProcess(ForkedBooter.java:115)
	at org.apache.maven.surefire.booter.ForkedBooter.main(ForkedBooter.java:75)
Caused by: org.springframework.beans.factory.BeanCreationException: Error creating bean with name &apos;entityManagerFactory&apos; defined in class path resource [META-INF/applicationContext.xml]: Invocation of init method failed; nested exception is javax.persistence.PersistenceException: [PersistenceUnit: restProjectPU] class or package not found
	at org.springframework.beans.factory.support.AbstractAutowireCapableBeanFactory.initializeBean(AbstractAutowireCapableBeanFactory.java:1553)
	at org.springframework.beans.factory.support.AbstractAutowireCapableBeanFactory.doCreateBean(AbstractAutowireCapableBeanFactory.java:539)
	at org.springframework.beans.factory.support.AbstractAutowireCapableBeanFactory.createBean(AbstractAutowireCapableBeanFactory.java:475)
	at org.springframework.beans.factory.support.AbstractBeanFactory$1.getObject(AbstractBeanFactory.java:304)
	at org.springframework.beans.factory.support.DefaultSingletonBeanRegistry.getSingleton(DefaultSingletonBeanRegistry.java:228)
	at org.springframework.beans.factory.support.AbstractBeanFactory.doGetBean(AbstractBeanFactory.java:300)
	at org.springframework.beans.factory.support.AbstractBeanFactory.getBean(AbstractBeanFactory.java:195)
	at org.springframework.context.support.AbstractApplicationContext.getBean(AbstractApplicationContext.java:973)
	at org.springframework.context.support.AbstractApplicationContext.finishBeanFactoryInitialization(AbstractApplicationContext.java:750)
	at org.springframework.context.support.AbstractApplicationContext.refresh(AbstractApplicationContext.java:482)
	at org.springframework.test.context.support.AbstractGenericContextLoader.loadContext(AbstractGenericContextLoader.java:121)
	at org.springframework.test.context.support.AbstractGenericContextLoader.loadContext(AbstractGenericContextLoader.java:60)
	at org.springframework.test.context.support.AbstractDelegatingSmartContextLoader.delegateLoading(AbstractDelegatingSmartContextLoader.java:100)
	at org.springframework.test.context.support.AbstractDelegatingSmartContextLoader.loadContext(AbstractDelegatingSmartContextLoader.java:250)
	at org.springframework.test.context.CacheAwareContextLoaderDelegate.loadContextInternal(CacheAwareContextLoaderDelegate.java:64)
	at org.springframework.test.context.CacheAwareContextLoaderDelegate.loadContext(CacheAwareContextLoaderDelegate.java:91)
	... 31 more
Caused by: javax.persistence.PersistenceException: [PersistenceUnit: restProjectPU] class or package not found
	at org.hibernate.ejb.Ejb3Configuration.addNamedAnnotatedClasses(Ejb3Configuration.java:1386)
	at org.hibernate.ejb.Ejb3Configuration.addClassesToSessionFactory(Ejb3Configuration.java:1159)
	at org.hibernate.ejb.Ejb3Configuration.configure(Ejb3Configuration.java:1004)
	at org.hibernate.ejb.Ejb3Configuration.configure(Ejb3Configuration.java:689)
	at org.hibernate.ejb.HibernatePersistence.createContainerEntityManagerFactory(HibernatePersistence.java:73)
	at org.springframework.orm.jpa.LocalContainerEntityManagerFactoryBean.createNativeEntityManagerFactory(LocalContainerEntityManagerFactoryBean.java:225)
	at org.springframework.orm.jpa.AbstractEntityManagerFactoryBean.afterPropertiesSet(AbstractEntityManagerFactoryBean.java:308)
	at org.springframework.beans.factory.support.AbstractAutowireCapableBeanFactory.invokeInitMethods(AbstractAutowireCapableBeanFactory.java:1612)
	at org.springframework.beans.factory.support.AbstractAutowireCapableBeanFactory.initializeBean(AbstractAutowireCapableBeanFactory.java:1549)
	... 46 more
Caused by: java.lang.ClassNotFoundException: com.restproject.domain.HomeStatsAllYears
	at java.net.URLClassLoader$1.run(URLClassLoader.java:366)
	at java.net.URLClassLoader$1.run(URLClassLoader.java:355)
	at java.security.AccessController.doPrivileged(Native Method)
	at java.net.URLClassLoader.findClass(URLClassLoader.java:354)
	at java.lang.ClassLoader.loadClass(ClassLoader.java:425)
	at sun.misc.Launcher$AppClassLoader.loadClass(Launcher.java:308)
	at java.lang.ClassLoader.loadClass(ClassLoader.java:358)
	at java.lang.Class.forName0(Native Method)
	at java.lang.Class.forName(Class.java:270)
	at org.hibernate.util.ReflectHelper.classForName(ReflectHelper.java:170)
	at org.hibernate.ejb.Ejb3Configuration.classForName(Ejb3Configuration.java:1302)
	at org.hibernate.ejb.Ejb3Configuration.addNamedAnnotatedClasses(Ejb3Configuration.java:1374)
	... 54 more
2015-10-04 01:59:12 ERROR TestContextManager:329 - Caught exception while allowing TestExecutionListener [org.springframework.test.context.support.DependencyInjectionTestExecutionListener@7d7e88e3] to prepare test instance [com.restproject.domain.OwnerAddressTest@7e4d2f72]
java.lang.IllegalStateException: Failed to load ApplicationContext
	at org.springframework.test.context.CacheAwareContextLoaderDelegate.loadContext(CacheAwareContextLoaderDelegate.java:99)
	at org.springframework.test.context.DefaultTestContext.getApplicationContext(DefaultTestContext.java:101)
	at org.springframework.test.context.support.DependencyInjectionTestExecutionListener.injectDependencies(DependencyInjectionTestExecutionListener.java:109)
	at org.springframework.test.context.support.DependencyInjectionTestExecutionListener.prepareTestInstance(DependencyInjectionTestExecutionListener.java:75)
	at org.springframework.test.context.TestContextManager.prepareTestInstance(TestContextManager.java:326)
	at org.springframework.test.context.junit4.SpringJUnit4ClassRunner.createTest(SpringJUnit4ClassRunner.java:212)
	at org.springframework.test.context.junit4.SpringJUnit4ClassRunner$1.runReflectiveCall(SpringJUnit4ClassRunner.java:289)
	at org.junit.internal.runners.model.ReflectiveCallable.run(ReflectiveCallable.java:15)
	at org.springframework.test.context.junit4.SpringJUnit4ClassRunner.methodBlock(SpringJUnit4ClassRunner.java:291)
	at org.springframework.test.context.junit4.SpringJUnit4ClassRunner.runChild(SpringJUnit4ClassRunner.java:232)
	at org.springframework.test.context.junit4.SpringJUnit4ClassRunner.runChild(SpringJUnit4ClassRunner.java:89)
	at org.junit.runners.ParentRunner.runChildren(ParentRunner.java:180)
	at org.junit.runners.ParentRunner.access$000(ParentRunner.java:41)
	at org.junit.runners.ParentRunner$1.evaluate(ParentRunner.java:173)
	at org.junit.internal.runners.statements.RunBefores.evaluate(RunBefores.java:28)
	at org.springframework.test.context.junit4.statements.RunBeforeTestClassCallbacks.evaluate(RunBeforeTestClassCallbacks.java:61)
	at org.junit.internal.runners.statements.RunAfters.evaluate(RunAfters.java:31)
	at org.springframework.test.context.junit4.statements.RunAfterTestClassCallbacks.evaluate(RunAfterTestClassCallbacks.java:71)
	at org.junit.runners.ParentRunner.run(ParentRunner.java:220)
	at org.springframework.test.context.junit4.SpringJUnit4ClassRunner.run(SpringJUnit4ClassRunner.java:175)
	at org.apache.maven.surefire.junit4.JUnit4Provider.execute(JUnit4Provider.java:252)
	at org.apache.maven.surefire.junit4.JUnit4Provider.executeTestSet(JUnit4Provider.java:141)
	at org.apache.maven.surefire.junit4.JUnit4Provider.invoke(JUnit4Provider.java:112)
	at sun.reflect.NativeMethodAccessorImpl.invoke0(Native Method)
	at sun.reflect.NativeMethodAccessorImpl.invoke(NativeMethodAccessorImpl.java:57)
	at sun.reflect.DelegatingMethodAccessorImpl.invoke(DelegatingMethodAccessorImpl.java:43)
	at java.lang.reflect.Method.invoke(Method.java:606)
	at org.apache.maven.surefire.util.ReflectionUtils.invokeMethodWithArray(ReflectionUtils.java:189)
	at org.apache.maven.surefire.booter.ProviderFactory$ProviderProxy.invoke(ProviderFactory.java:165)
	at org.apache.maven.surefire.booter.ProviderFactory.invokeProvider(ProviderFactory.java:85)
	at org.apache.maven.surefire.booter.ForkedBooter.runSuitesInProcess(ForkedBooter.java:115)
	at org.apache.maven.surefire.booter.ForkedBooter.main(ForkedBooter.java:75)
Caused by: org.springframework.beans.factory.BeanCreationException: Error creating bean with name &apos;entityManagerFactory&apos; defined in class path resource [META-INF/applicationContext.xml]: Invocation of init method failed; nested exception is javax.persistence.PersistenceException: [PersistenceUnit: restProjectPU] class or package not found
	at org.springframework.beans.factory.support.AbstractAutowireCapableBeanFactory.initializeBean(AbstractAutowireCapableBeanFactory.java:1553)
	at org.springframework.beans.factory.support.AbstractAutowireCapableBeanFactory.doCreateBean(AbstractAutowireCapableBeanFactory.java:539)
	at org.springframework.beans.factory.support.AbstractAutowireCapableBeanFactory.createBean(AbstractAutowireCapableBeanFactory.java:475)
	at org.springframework.beans.factory.support.AbstractBeanFactory$1.getObject(AbstractBeanFactory.java:304)
	at org.springframework.beans.factory.support.DefaultSingletonBeanRegistry.getSingleton(DefaultSingletonBeanRegistry.java:228)
	at org.springframework.beans.factory.support.AbstractBeanFactory.doGetBean(AbstractBeanFactory.java:300)
	at org.springframework.beans.factory.support.AbstractBeanFactory.getBean(AbstractBeanFactory.java:195)
	at org.springframework.context.support.AbstractApplicationContext.getBean(AbstractApplicationContext.java:973)
	at org.springframework.context.support.AbstractApplicationContext.finishBeanFactoryInitialization(AbstractApplicationContext.java:750)
	at org.springframework.context.support.AbstractApplicationContext.refresh(AbstractApplicationContext.java:482)
	at org.springframework.test.context.support.AbstractGenericContextLoader.loadContext(AbstractGenericContextLoader.java:121)
	at org.springframework.test.context.support.AbstractGenericContextLoader.loadContext(AbstractGenericContextLoader.java:60)
	at org.springframework.test.context.support.AbstractDelegatingSmartContextLoader.delegateLoading(AbstractDelegatingSmartContextLoader.java:100)
	at org.springframework.test.context.support.AbstractDelegatingSmartContextLoader.loadContext(AbstractDelegatingSmartContextLoader.java:250)
	at org.springframework.test.context.CacheAwareContextLoaderDelegate.loadContextInternal(CacheAwareContextLoaderDelegate.java:64)
	at org.springframework.test.context.CacheAwareContextLoaderDelegate.loadContext(CacheAwareContextLoaderDelegate.java:91)
	... 31 more
Caused by: javax.persistence.PersistenceException: [PersistenceUnit: restProjectPU] class or package not found
	at org.hibernate.ejb.Ejb3Configuration.addNamedAnnotatedClasses(Ejb3Configuration.java:1386)
	at org.hibernate.ejb.Ejb3Configuration.addClassesToSessionFactory(Ejb3Configuration.java:1159)
	at org.hibernate.ejb.Ejb3Configuration.configure(Ejb3Configuration.java:1004)
	at org.hibernate.ejb.Ejb3Configuration.configure(Ejb3Configuration.java:689)
	at org.hibernate.ejb.HibernatePersistence.createContainerEntityManagerFactory(HibernatePersistence.java:73)
	at org.springframework.orm.jpa.LocalContainerEntityManagerFactoryBean.createNativeEntityManagerFactory(LocalContainerEntityManagerFactoryBean.java:225)
	at org.springframework.orm.jpa.AbstractEntityManagerFactoryBean.afterPropertiesSet(AbstractEntityManagerFactoryBean.java:308)
	at org.springframework.beans.factory.support.AbstractAutowireCapableBeanFactory.invokeInitMethods(AbstractAutowireCapableBeanFactory.java:1612)
	at org.springframework.beans.factory.support.AbstractAutowireCapableBeanFactory.initializeBean(AbstractAutowireCapableBeanFactory.java:1549)
	... 46 more
Caused by: java.lang.ClassNotFoundException: com.restproject.domain.HomeStatsAllYears
	at java.net.URLClassLoader$1.run(URLClassLoader.java:366)
	at java.net.URLClassLoader$1.run(URLClassLoader.java:355)
	at java.security.AccessController.doPrivileged(Native Method)
	at java.net.URLClassLoader.findClass(URLClassLoader.java:354)
	at java.lang.ClassLoader.loadClass(ClassLoader.java:425)
	at sun.misc.Launcher$AppClassLoader.loadClass(Launcher.java:308)
	at java.lang.ClassLoader.loadClass(ClassLoader.java:358)
	at java.lang.Class.forName0(Native Method)
	at java.lang.Class.forName(Class.java:270)
	at org.hibernate.util.ReflectHelper.classForName(ReflectHelper.java:170)
	at org.hibernate.ejb.Ejb3Configuration.classForName(Ejb3Configuration.java:1302)
	at org.hibernate.ejb.Ejb3Configuration.addNamedAnnotatedClasses(Ejb3Configuration.java:1374)
	... 54 more
</system-out>
  </testcase>
</testsuite>